<?xml version="1.0" encoding="UTF-8"?>
<coverage generated="1753237598901" clover="3.2.0">
  <project timestamp="1753237598901" name="All files">
    <metrics statements="31" coveredstatements="31" conditionals="6" coveredconditionals="5" methods="7" coveredmethods="7" elements="44" coveredelements="43" complexity="0" loc="31" ncloc="31" packages="1" files="1" classes="1"/>
    <file name="Dice.vue" path="/Users/mengweijie1/Code2/dice-demo/src/components/Dice.vue">
      <metrics statements="31" coveredstatements="31" conditionals="6" coveredconditionals="5" methods="7" coveredmethods="7"/>
      <line num="4" count="1" type="stmt"/>
      <line num="7" count="1" type="stmt"/>
      <line num="8" count="1" type="stmt"/>
      <line num="13" count="6" type="stmt"/>
      <line num="17" count="7" type="stmt"/>
      <line num="116" count="15" type="stmt"/>
      <line num="121" count="4" type="cond" truecount="2" falsecount="0"/>
      <line num="122" count="3" type="stmt"/>
      <line num="123" count="3" type="stmt"/>
      <line num="124" count="3" type="stmt"/>
      <line num="125" count="3" type="stmt"/>
      <line num="126" count="126" type="stmt"/>
      <line num="127" count="126" type="stmt"/>
      <line num="128" count="126" type="cond" truecount="2" falsecount="0"/>
      <line num="129" count="124" type="stmt"/>
      <line num="130" count="124" type="stmt"/>
      <line num="132" count="2" type="stmt"/>
      <line num="133" count="2" type="stmt"/>
      <line num="134" count="2" type="stmt"/>
      <line num="135" count="2" type="stmt"/>
      <line num="138" count="3" type="stmt"/>
      <line num="142" count="1" type="cond" truecount="1" falsecount="1"/>
      <line num="143" count="1" type="stmt"/>
      <line num="144" count="16" type="stmt"/>
      <line num="145" count="16" type="stmt"/>
      <line num="146" count="16" type="stmt"/>
      <line num="158" count="55" type="stmt"/>
      <line num="169" count="1" type="stmt"/>
      <line num="170" count="1" type="stmt"/>
      <line num="172" count="1" type="stmt"/>
      <line num="173" count="1" type="stmt"/>
    </file>
  </project>
</coverage>
