{"/Users/mengweijie1/Code2/dice-demo/src/components/Dice.vue": {"path":"/Users/mengweijie1/Code2/dice-demo/src/components/Dice.vue","statementMap":{"0":{"start":{"line":4,"column":0},"end":{"line":6,"column":3}},"1":{"start":{"line":7,"column":0},"end":{"line":7,"column":25}},"2":{"start":{"line":8,"column":15},"end":{"line":141,"column":1}},"3":{"start":{"line":13,"column":21},"end":{"line":13,"column":54}},"4":{"start":{"line":17,"column":4},"end":{"line":112,"column":6}},"5":{"start":{"line":116,"column":6},"end":{"line":116,"column":51}},"6":{"start":{"line":121,"column":6},"end":{"line":121,"column":33}},"7":{"start":{"line":121,"column":26},"end":{"line":121,"column":33}},"8":{"start":{"line":122,"column":6},"end":{"line":122,"column":28}},"9":{"start":{"line":123,"column":23},"end":{"line":123,"column":27}},"10":{"start":{"line":124,"column":24},"end":{"line":124,"column":34}},"11":{"start":{"line":125,"column":22},"end":{"line":137,"column":7}},"12":{"start":{"line":126,"column":20},"end":{"line":126,"column":30}},"13":{"start":{"line":127,"column":24},"end":{"line":127,"column":39}},"14":{"start":{"line":128,"column":8},"end":{"line":136,"column":9}},"15":{"start":{"line":129,"column":10},"end":{"line":129,"column":65}},"16":{"start":{"line":130,"column":10},"end":{"line":130,"column":41}},"17":{"start":{"line":132,"column":30},"end":{"line":132,"column":63}},"18":{"start":{"line":133,"column":10},"end":{"line":133,"column":43}},"19":{"start":{"line":134,"column":10},"end":{"line":134,"column":33}},"20":{"start":{"line":135,"column":10},"end":{"line":135,"column":51}},"21":{"start":{"line":138,"column":6},"end":{"line":138,"column":37}},"22":{"start":{"line":142,"column":18},"end":{"line":142,"column":99}},"23":{"start":{"line":143,"column":13},"end":{"line":168,"column":1}},"24":{"start":{"line":144,"column":12},"end":{"line":144,"column":16}},"25":{"start":{"line":145,"column":9},"end":{"line":145,"column":21}},"26":{"start":{"line":146,"column":2},"end":{"line":167,"column":3}},"27":{"start":{"line":158,"column":10},"end":{"line":162,"column":12}},"28":{"start":{"line":169,"column":22},"end":{"line":169,"column":24}},"29":{"start":{"line":170,"column":0},"end":{"line":170,"column":27}},"30":{"start":{"line":172,"column":0},"end":{"line":172,"column":27}},"31":{"start":{"line":173,"column":0},"end":{"line":173,"column":45}}},"fnMap":{"0":{"name":"(anonymous_0)","decl":{"start":{"line":13,"column":15},"end":{"line":13,"column":16}},"loc":{"start":{"line":13,"column":21},"end":{"line":13,"column":54}},"line":13},"1":{"name":"(anonymous_1)","decl":{"start":{"line":16,"column":2},"end":{"line":16,"column":3}},"loc":{"start":{"line":16,"column":9},"end":{"line":113,"column":3}},"line":16},"2":{"name":"(anonymous_2)","decl":{"start":{"line":115,"column":4},"end":{"line":115,"column":5}},"loc":{"start":{"line":115,"column":11},"end":{"line":117,"column":5}},"line":115},"3":{"name":"(anonymous_3)","decl":{"start":{"line":120,"column":4},"end":{"line":120,"column":5}},"loc":{"start":{"line":120,"column":11},"end":{"line":139,"column":5}},"line":120},"4":{"name":"(anonymous_4)","decl":{"start":{"line":125,"column":22},"end":{"line":125,"column":23}},"loc":{"start":{"line":125,"column":28},"end":{"line":137,"column":7}},"line":125},"5":{"name":"render","decl":{"start":{"line":143,"column":22},"end":{"line":143,"column":28}},"loc":{"start":{"line":143,"column":31},"end":{"line":168,"column":1}},"line":143},"6":{"name":"(anonymous_6)","decl":{"start":{"line":157,"column":25},"end":{"line":157,"column":26}},"loc":{"start":{"line":157,"column":40},"end":{"line":163,"column":9}},"line":157}},"branchMap":{"0":{"loc":{"start":{"line":121,"column":6},"end":{"line":121,"column":33}},"type":"if","locations":[{"start":{"line":121,"column":6},"end":{"line":121,"column":33}},{"start":{},"end":{}}],"line":121},"1":{"loc":{"start":{"line":128,"column":8},"end":{"line":136,"column":9}},"type":"if","locations":[{"start":{"line":128,"column":8},"end":{"line":136,"column":9}},{"start":{"line":131,"column":15},"end":{"line":136,"column":9}}],"line":128},"2":{"loc":{"start":{"line":142,"column":18},"end":{"line":142,"column":99}},"type":"cond-expr","locations":[{"start":{"line":142,"column":58},"end":{"line":142,"column":81}},{"start":{"line":142,"column":84},"end":{"line":142,"column":99}}],"line":142}},"s":{"0":1,"1":1,"2":1,"3":6,"4":7,"5":15,"6":4,"7":1,"8":3,"9":3,"10":3,"11":3,"12":126,"13":126,"14":126,"15":124,"16":124,"17":2,"18":2,"19":2,"20":2,"21":3,"22":1,"23":1,"24":16,"25":16,"26":16,"27":55,"28":1,"29":1,"30":1,"31":1},"f":{"0":6,"1":7,"2":15,"3":4,"4":126,"5":16,"6":55},"b":{"0":[1,3],"1":[124,2],"2":[0,1]},"inputSourceMap":{"0":"{","1":"\"","2":"v","3":"e","4":"r","5":"s","6":"i","7":"o","8":"n","9":"\"","10":":","11":"3","12":",","13":"\"","14":"s","15":"o","16":"u","17":"r","18":"c","19":"e","20":"s","21":"\"","22":":","23":"[","24":"\"","25":"/","26":"U","27":"s","28":"e","29":"r","30":"s","31":"/","32":"m","33":"e","34":"n","35":"g","36":"w","37":"e","38":"i","39":"j","40":"i","41":"e","42":"1","43":"/","44":"C","45":"o","46":"d","47":"e","48":"2","49":"/","50":"d","51":"i","52":"c","53":"e","54":"-","55":"d","56":"e","57":"m","58":"o","59":"/","60":"s","61":"r","62":"c","63":"/","64":"c","65":"o","66":"m","67":"p","68":"o","69":"n","70":"e","71":"n","72":"t","73":"s","74":"/","75":"D","76":"i","77":"c","78":"e","79":".","80":"v","81":"u","82":"e","83":"\"","84":"]","85":",","86":"\"","87":"n","88":"a","89":"m","90":"e","91":"s","92":"\"","93":":","94":"[","95":"]","96":",","97":"\"","98":"m","99":"a","100":"p","101":"p","102":"i","103":"n","104":"g","105":"s","106":"\"","107":":","108":"\"","109":";","110":";","111":";","112":";","113":";","114":";","115":";","116":"i","117":"C","118":"A","119":"Y","120":"e","121":";","122":"E","123":"A","124":"C","125":"b","126":",","127":"I","128":"A","129":"A","130":"I","131":",","132":"E","133":"A","134":"A","135":"E","136":",","137":"e","138":"A","139":"A","140":"e","141":";","142":"E","143":"A","144":"C","145":"r","146":"B","147":",","148":"K","149":"A","150":"A","151":"K","152":",","153":"E","154":"A","155":"A","156":"E","157":";","158":"I","159":"A","160":"C","161":"L","162":",","163":"Y","164":"A","165":"A","166":"Y","167":",","168":"E","169":"A","170":"A","171":"E","172":";","173":"M","174":"A","175":"C","176":"Z","177":",","178":"I","179":"A","180":"A","181":"I","182":",","183":"E","184":"A","185":"A","186":"E","187":",","188":"M","189":"A","190":"A","191":"M","192":";","193":"M","194":"A","195":"C","196":"Z","197":",","198":"O","199":"A","200":"A","201":"O","202":",","203":"E","204":"A","205":"A","206":"E","207":",","208":"M","209":"A","210":"A","211":"M","212":",","213":"I","214":"A","215":"A","216":"I","217":",","218":"C","219":"A","220":"A","221":"C","222":",","223":"K","224":"A","225":"A","226":"K","227":",","228":"C","229":"A","230":"A","231":"C","232":",","233":"I","234":"A","235":"A","236":"I","237":",","238":"C","239":"A","240":"A","241":"C","242":",","243":"M","244":"A","245":"A","246":"M","247":",","248":"C","249":"A","250":"A","251":"C","252":",","253":"C","254":"A","255":"A","256":"C","257":",","258":"G","259":"A","260":"A","261":"G","262":",","263":"C","264":"A","265":"A","266":"C","267":",","268":"C","269":"A","270":"A","271":"C","272":",","273":"G","274":"A","275":"A","276":"G","277":";","278":"I","279":"A","280":"C","281":"j","282":"D","283":";","284":"E","285":"A","286":"C","287":"F","288":",","289":"C","290":"A","291":"A","292":"C","293":";","294":"E","295":"A","296":"C","297":"D","298":",","299":"I","300":"A","301":"A","302":"I","303":",","304":"G","305":"A","306":"A","307":"G","308":";","309":"I","310":"A","311":"C","312":"L","313":",","314":"O","315":"A","316":"A","317":"O","318":";","319":"M","320":"A","321":"C","322":"L","323":",","324":"a","325":"A","326":"A","327":"a","328":",","329":"E","330":"A","331":"A","332":"E","333":",","334":"I","335":"A","336":"A","337":"I","338":",","339":"C","340":"A","341":"A","342":"C","343":",","344":"Y","345":"A","346":"A","347":"Y","348":";","349":"M","350":"A","351":"C","352":"h","353":"C","354":",","355":"S","356":"A","357":"A","358":"S","359":",","360":"E","361":"A","362":"A","363":"E","364":",","365":"K","366":"A","367":"A","368":"K","369":";","370":"M","371":"A","372":"C","373":"h","374":"B","375":",","376":"Y","377":"A","378":"A","379":"Y","380":",","381":"E","382":"A","383":"A","384":"E","385":";","386":"Q","387":"A","388":"C","389":"Z","390":",","391":"C","392":"A","393":"A","394":"C","395":",","396":"E","397":"A","398":"A","399":"E","400":",","401":"C","402":"A","403":"A","404":"C","405":";","406":"U","407":"A","408":"A","409":"C","410":",","411":"E","412":"A","413":"A","414":"E","415":",","416":"E","417":"A","418":"A","419":"E","420":",","421":"C","422":"A","423":"A","424":"C","425":";","426":"U","427":"A","428":"A","429":"E","430":",","431":"G","432":"A","433":"A","434":"G","435":",","436":"E","437":"A","438":"A","439":"E","440":",","441":"E","442":"A","443":"A","444":"E","445":";","446":"U","447":"A","448":"A","449":"E","450":",","451":"I","452":"A","453":"A","454":"I","455":",","456":"E","457":"A","458":"A","459":"E","460":";","461":"Q","462":"A","463":"A","464":"E","465":",","466":"C","467":"A","468":"A","469":"C","470":",","471":"C","472":"A","473":"A","474":"C","475":";","476":"Q","477":"A","478":"C","479":"/","480":"B","481":",","482":"C","483":"A","484":"A","485":"C","486":",","487":"E","488":"A","489":"A","490":"E","491":",","492":"C","493":"A","494":"A","495":"C","496":";","497":"U","498":"A","499":"A","500":"C","501":",","502":"E","503":"A","504":"A","505":"E","506":",","507":"E","508":"A","509":"A","510":"E","511":",","512":"C","513":"A","514":"A","515":"C","516":";","517":"U","518":"A","519":"A","520":"E","521":",","522":"G","523":"A","524":"A","525":"G","526":",","527":"E","528":"A","529":"A","530":"E","531":",","532":"E","533":"A","534":"A","535":"E","536":";","537":"U","538":"A","539":"A","540":"E","541":",","542":"I","543":"A","544":"A","545":"I","546":",","547":"E","548":"A","549":"A","550":"E","551":";","552":"Q","553":"A","554":"A","555":"E","556":",","557":"C","558":"A","559":"A","560":"C","561":",","562":"E","563":"A","564":"A","565":"E","566":";","567":"U","568":"A","569":"A","570":"C","571":",","572":"E","573":"A","574":"A","575":"E","576":",","577":"E","578":"A","579":"A","580":"E","581":",","582":"C","583":"A","584":"A","585":"C","586":";","587":"U","588":"A","589":"A","590":"E","591":",","592":"G","593":"A","594":"A","595":"G","596":",","597":"E","598":"A","599":"A","600":"E","601":",","602":"E","603":"A","604":"A","605":"E","606":";","607":"U","608":"A","609":"A","610":"E","611":",","612":"I","613":"A","614":"A","615":"I","616":",","617":"E","618":"A","619":"A","620":"E","621":";","622":"Q","623":"A","624":"A","625":"E","626":",","627":"C","628":"A","629":"A","630":"C","631":",","632":"C","633":"A","634":"A","635":"C","636":";","637":"Q","638":"A","639":"C","640":"3","641":"D","642":",","643":"C","644":"A","645":"A","646":"C","647":",","648":"E","649":"A","650":"A","651":"E","652":",","653":"C","654":"A","655":"A","656":"C","657":";","658":"U","659":"A","660":"A","661":"C","662":",","663":"E","664":"A","665":"A","666":"E","667":",","668":"E","669":"A","670":"A","671":"E","672":",","673":"C","674":"A","675":"A","676":"C","677":";","678":"U","679":"A","680":"A","681":"E","682":",","683":"G","684":"A","685":"A","686":"G","687":",","688":"E","689":"A","690":"A","691":"E","692":",","693":"E","694":"A","695":"A","696":"E","697":";","698":"U","699":"A","700":"A","701":"E","702":",","703":"I","704":"A","705":"A","706":"I","707":",","708":"E","709":"A","710":"A","711":"E","712":";","713":"Q","714":"A","715":"A","716":"E","717":",","718":"C","719":"A","720":"A","721":"C","722":",","723":"E","724":"A","725":"A","726":"E","727":";","728":"U","729":"A","730":"A","731":"C","732":",","733":"E","734":"A","735":"A","736":"E","737":",","738":"E","739":"A","740":"A","741":"E","742":",","743":"C","744":"A","745":"A","746":"C","747":";","748":"U","749":"A","750":"A","751":"E","752":",","753":"G","754":"A","755":"A","756":"G","757":",","758":"E","759":"A","760":"A","761":"E","762":",","763":"E","764":"A","765":"A","766":"E","767":";","768":"U","769":"A","770":"A","771":"E","772":",","773":"I","774":"A","775":"A","776":"I","777":",","778":"E","779":"A","780":"A","781":"E","782":";","783":"Q","784":"A","785":"A","786":"E","787":",","788":"C","789":"A","790":"A","791":"C","792":",","793":"E","794":"A","795":"A","796":"E","797":";","798":"U","799":"A","800":"A","801":"C","802":",","803":"E","804":"A","805":"A","806":"E","807":",","808":"E","809":"A","810":"A","811":"E","812":",","813":"C","814":"A","815":"A","816":"C","817":";","818":"U","819":"A","820":"A","821":"E","822":",","823":"G","824":"A","825":"A","826":"G","827":",","828":"E","829":"A","830":"A","831":"E","832":",","833":"E","834":"A","835":"A","836":"E","837":";","838":"U","839":"A","840":"A","841":"E","842":",","843":"I","844":"A","845":"A","846":"I","847":",","848":"E","849":"A","850":"A","851":"E","852":";","853":"Q","854":"A","855":"A","856":"E","857":",","858":"C","859":"A","860":"A","861":"C","862":",","863":"C","864":"A","865":"A","866":"C","867":";","868":"Q","869":"A","870":"C","871":"v","872":"F","873":",","874":"C","875":"A","876":"A","877":"C","878":",","879":"E","880":"A","881":"A","882":"E","883":",","884":"C","885":"A","886":"A","887":"C","888":";","889":"U","890":"A","891":"A","892":"C","893":",","894":"E","895":"A","896":"A","897":"E","898":",","899":"E","900":"A","901":"A","902":"E","903":",","904":"C","905":"A","906":"A","907":"C","908":";","909":"U","910":"A","911":"A","912":"E","913":",","914":"G","915":"A","916":"A","917":"G","918":",","919":"E","920":"A","921":"A","922":"E","923":",","924":"E","925":"A","926":"A","927":"E","928":";","929":"U","930":"A","931":"A","932":"E","933":",","934":"I","935":"A","936":"A","937":"I","938":",","939":"E","940":"A","941":"A","942":"E","943":";","944":"Q","945":"A","946":"A","947":"E","948":",","949":"C","950":"A","951":"A","952":"C","953":",","954":"E","955":"A","956":"A","957":"E","958":";","959":"U","960":"A","961":"A","962":"C","963":",","964":"E","965":"A","966":"A","967":"E","968":",","969":"E","970":"A","971":"A","972":"E","973":",","974":"C","975":"A","976":"A","977":"C","978":";","979":"U","980":"A","981":"A","982":"E","983":",","984":"G","985":"A","986":"A","987":"G","988":",","989":"E","990":"A","991":"A","992":"E","993":",","994":"E","995":"A","996":"A","997":"E","998":";","999":"U","1000":"A","1001":"A","1002":"E","1003":",","1004":"I","1005":"A","1006":"A","1007":"I","1008":",","1009":"E","1010":"A","1011":"A","1012":"E","1013":";","1014":"Q","1015":"A","1016":"A","1017":"E","1018":",","1019":"C","1020":"A","1021":"A","1022":"C","1023":",","1024":"E","1025":"A","1026":"C","1027":"t","1028":"D","1029":";","1030":"U","1031":"A","1032":"A","1033":"C","1034":",","1035":"E","1036":"A","1037":"A","1038":"E","1039":",","1040":"E","1041":"A","1042":"A","1043":"E","1044":",","1045":"C","1046":"A","1047":"A","1048":"C","1049":";","1050":"U","1051":"A","1052":"A","1053":"E","1054":",","1055":"G","1056":"A","1057":"A","1058":"G","1059":",","1060":"E","1061":"A","1062":"A","1063":"E","1064":",","1065":"E","1066":"A","1067":"A","1068":"E","1069":";","1070":"U","1071":"A","1072":"A","1073":"E","1074":",","1075":"I","1076":"A","1077":"A","1078":"I","1079":",","1080":"E","1081":"A","1082":"A","1083":"E","1084":";","1085":"Q","1086":"A","1087":"A","1088":"E","1089":",","1090":"C","1091":"A","1092":"A","1093":"C","1094":",","1095":"E","1096":"A","1097":"A","1098":"E","1099":";","1100":"U","1101":"A","1102":"A","1103":"C","1104":",","1105":"E","1106":"A","1107":"A","1108":"E","1109":",","1110":"E","1111":"A","1112":"A","1113":"E","1114":",","1115":"C","1116":"A","1117":"A","1118":"C","1119":";","1120":"U","1121":"A","1122":"A","1123":"E","1124":",","1125":"G","1126":"A","1127":"A","1128":"G","1129":",","1130":"E","1131":"A","1132":"A","1133":"E","1134":",","1135":"E","1136":"A","1137":"A","1138":"E","1139":";","1140":"U","1141":"A","1142":"A","1143":"E","1144":",","1145":"I","1146":"A","1147":"A","1148":"I","1149":",","1150":"E","1151":"A","1152":"A","1153":"E","1154":";","1155":"Q","1156":"A","1157":"A","1158":"E","1159":",","1160":"C","1161":"A","1162":"A","1163":"C","1164":",","1165":"C","1166":"A","1167":"A","1168":"C","1169":";","1170":"Q","1171":"A","1172":"C","1173":"3","1174":"D","1175":",","1176":"C","1177":"A","1178":"A","1179":"C","1180":",","1181":"E","1182":"A","1183":"A","1184":"E","1185":",","1186":"C","1187":"A","1188":"A","1189":"C","1190":";","1191":"U","1192":"A","1193":"A","1194":"C","1195":",","1196":"E","1197":"A","1198":"A","1199":"E","1200":",","1201":"E","1202":"A","1203":"A","1204":"E","1205":",","1206":"C","1207":"A","1208":"A","1209":"C","1210":";","1211":"U","1212":"A","1213":"A","1214":"E","1215":",","1216":"G","1217":"A","1218":"A","1219":"G","1220":",","1221":"E","1222":"A","1223":"A","1224":"E","1225":",","1226":"E","1227":"A","1228":"A","1229":"E","1230":";","1231":"U","1232":"A","1233":"A","1234":"E","1235":",","1236":"I","1237":"A","1238":"A","1239":"I","1240":",","1241":"E","1242":"A","1243":"A","1244":"E","1245":";","1246":"Q","1247":"A","1248":"A","1249":"E","1250":",","1251":"C","1252":"A","1253":"A","1254":"C","1255":",","1256":"E","1257":"A","1258":"A","1259":"E","1260":";","1261":"U","1262":"A","1263":"A","1264":"C","1265":",","1266":"E","1267":"A","1268":"A","1269":"E","1270":",","1271":"E","1272":"A","1273":"A","1274":"E","1275":",","1276":"C","1277":"A","1278":"A","1279":"C","1280":";","1281":"U","1282":"A","1283":"A","1284":"E","1285":",","1286":"G","1287":"A","1288":"A","1289":"G","1290":",","1291":"E","1292":"A","1293":"A","1294":"E","1295":",","1296":"E","1297":"A","1298":"A","1299":"E","1300":";","1301":"U","1302":"A","1303":"A","1304":"E","1305":",","1306":"I","1307":"A","1308":"A","1309":"I","1310":",","1311":"E","1312":"A","1313":"A","1314":"E","1315":";","1316":"Q","1317":"A","1318":"A","1319":"E","1320":",","1321":"C","1322":"A","1323":"A","1324":"C","1325":",","1326":"E","1327":"A","1328":"C","1329":"t","1330":"D","1331":";","1332":"U","1333":"A","1334":"A","1335":"C","1336":",","1337":"E","1338":"A","1339":"A","1340":"E","1341":",","1342":"E","1343":"A","1344":"A","1345":"E","1346":",","1347":"C","1348":"A","1349":"A","1350":"C","1351":";","1352":"U","1353":"A","1354":"A","1355":"E","1356":",","1357":"G","1358":"A","1359":"A","1360":"G","1361":",","1362":"E","1363":"A","1364":"A","1365":"E","1366":",","1367":"E","1368":"A","1369":"A","1370":"E","1371":";","1372":"U","1373":"A","1374":"A","1375":"E","1376":",","1377":"I","1378":"A","1379":"A","1380":"I","1381":",","1382":"E","1383":"A","1384":"A","1385":"E","1386":";","1387":"Q","1388":"A","1389":"A","1390":"E","1391":",","1392":"C","1393":"A","1394":"A","1395":"C","1396":",","1397":"E","1398":"A","1399":"C","1400":"1","1401":"B","1402":";","1403":"U","1404":"A","1405":"A","1406":"C","1407":",","1408":"E","1409":"A","1410":"A","1411":"E","1412":",","1413":"E","1414":"A","1415":"A","1416":"E","1417":",","1418":"C","1419":"A","1420":"A","1421":"C","1422":";","1423":"U","1424":"A","1425":"A","1426":"E","1427":",","1428":"G","1429":"A","1430":"A","1431":"G","1432":",","1433":"E","1434":"A","1435":"A","1436":"E","1437":",","1438":"E","1439":"A","1440":"A","1441":"E","1442":";","1443":"U","1444":"A","1445":"A","1446":"E","1447":",","1448":"I","1449":"A","1450":"A","1451":"I","1452":",","1453":"E","1454":"A","1455":"A","1456":"E","1457":";","1458":"Q","1459":"A","1460":"A","1461":"E","1462":",","1463":"C","1464":"A","1465":"A","1466":"C","1467":",","1468":"E","1469":"A","1470":"A","1471":"E","1472":";","1473":"U","1474":"A","1475":"A","1476":"C","1477":",","1478":"E","1479":"A","1480":"A","1481":"E","1482":",","1483":"E","1484":"A","1485":"A","1486":"E","1487":",","1488":"C","1489":"A","1490":"A","1491":"C","1492":";","1493":"U","1494":"A","1495":"A","1496":"E","1497":",","1498":"G","1499":"A","1500":"A","1501":"G","1502":",","1503":"E","1504":"A","1505":"A","1506":"E","1507":",","1508":"E","1509":"A","1510":"A","1511":"E","1512":";","1513":"U","1514":"A","1515":"A","1516":"E","1517":",","1518":"I","1519":"A","1520":"A","1521":"I","1522":",","1523":"E","1524":"A","1525":"A","1526":"E","1527":";","1528":"Q","1529":"A","1530":"A","1531":"E","1532":",","1533":"C","1534":"A","1535":"A","1536":"C","1537":",","1538":"C","1539":"A","1540":"A","1541":"C","1542":";","1543":"Q","1544":"A","1545":"C","1546":"3","1547":"D","1548":",","1549":"C","1550":"A","1551":"A","1552":"C","1553":",","1554":"E","1555":"A","1556":"A","1557":"E","1558":",","1559":"C","1560":"A","1561":"A","1562":"C","1563":";","1564":"U","1565":"A","1566":"A","1567":"C","1568":",","1569":"E","1570":"A","1571":"A","1572":"E","1573":",","1574":"E","1575":"A","1576":"A","1577":"E","1578":",","1579":"C","1580":"A","1581":"A","1582":"C","1583":";","1584":"U","1585":"A","1586":"A","1587":"E","1588":",","1589":"G","1590":"A","1591":"A","1592":"G","1593":",","1594":"E","1595":"A","1596":"A","1597":"E","1598":",","1599":"E","1600":"A","1601":"A","1602":"E","1603":";","1604":"U","1605":"A","1606":"A","1607":"E","1608":",","1609":"I","1610":"A","1611":"A","1612":"I","1613":",","1614":"E","1615":"A","1616":"A","1617":"E","1618":";","1619":"Q","1620":"A","1621":"A","1622":"E","1623":",","1624":"C","1625":"A","1626":"A","1627":"C","1628":",","1629":"E","1630":"A","1631":"A","1632":"E","1633":";","1634":"U","1635":"A","1636":"A","1637":"C","1638":",","1639":"E","1640":"A","1641":"A","1642":"E","1643":",","1644":"E","1645":"A","1646":"A","1647":"E","1648":",","1649":"C","1650":"A","1651":"A","1652":"C","1653":";","1654":"U","1655":"A","1656":"A","1657":"E","1658":",","1659":"G","1660":"A","1661":"A","1662":"G","1663":",","1664":"E","1665":"A","1666":"A","1667":"E","1668":",","1669":"E","1670":"A","1671":"A","1672":"E","1673":";","1674":"U","1675":"A","1676":"A","1677":"E","1678":",","1679":"I","1680":"A","1681":"A","1682":"I","1683":",","1684":"E","1685":"A","1686":"A","1687":"E","1688":";","1689":"Q","1690":"A","1691":"A","1692":"E","1693":",","1694":"C","1695":"A","1696":"A","1697":"C","1698":",","1699":"E","1700":"A","1701":"C","1702":"t","1703":"D","1704":";","1705":"U","1706":"A","1707":"A","1708":"C","1709":",","1710":"E","1711":"A","1712":"A","1713":"E","1714":",","1715":"E","1716":"A","1717":"A","1718":"E","1719":",","1720":"C","1721":"A","1722":"A","1723":"C","1724":";","1725":"U","1726":"A","1727":"A","1728":"E","1729":",","1730":"G","1731":"A","1732":"A","1733":"G","1734":",","1735":"E","1736":"A","1737":"A","1738":"E","1739":",","1740":"E","1741":"A","1742":"A","1743":"E","1744":";","1745":"U","1746":"A","1747":"A","1748":"E","1749":",","1750":"I","1751":"A","1752":"A","1753":"I","1754":",","1755":"E","1756":"A","1757":"A","1758":"E","1759":";","1760":"Q","1761":"A","1762":"A","1763":"E","1764":",","1765":"C","1766":"A","1767":"A","1768":"C","1769":",","1770":"E","1771":"A","1772":"A","1773":"E","1774":";","1775":"U","1776":"A","1777":"A","1778":"C","1779":",","1780":"E","1781":"A","1782":"A","1783":"E","1784":",","1785":"E","1786":"A","1787":"A","1788":"E","1789":",","1790":"C","1791":"A","1792":"A","1793":"C","1794":";","1795":"U","1796":"A","1797":"A","1798":"E","1799":",","1800":"G","1801":"A","1802":"A","1803":"G","1804":",","1805":"E","1806":"A","1807":"A","1808":"E","1809":",","1810":"E","1811":"A","1812":"A","1813":"E","1814":";","1815":"U","1816":"A","1817":"A","1818":"E","1819":",","1820":"I","1821":"A","1822":"A","1823":"I","1824":",","1825":"E","1826":"A","1827":"A","1828":"E","1829":";","1830":"Q","1831":"A","1832":"A","1833":"E","1834":",","1835":"C","1836":"A","1837":"A","1838":"C","1839":",","1840":"E","1841":"A","1842":"C","1843":"t","1844":"D","1845":";","1846":"U","1847":"A","1848":"A","1849":"C","1850":",","1851":"E","1852":"A","1853":"A","1854":"E","1855":",","1856":"E","1857":"A","1858":"A","1859":"E","1860":",","1861":"C","1862":"A","1863":"A","1864":"C","1865":";","1866":"U","1867":"A","1868":"A","1869":"E","1870":",","1871":"G","1872":"A","1873":"A","1874":"G","1875":",","1876":"E","1877":"A","1878":"A","1879":"E","1880":",","1881":"E","1882":"A","1883":"A","1884":"E","1885":";","1886":"U","1887":"A","1888":"A","1889":"E","1890":",","1891":"I","1892":"A","1893":"A","1894":"I","1895":",","1896":"E","1897":"A","1898":"A","1899":"E","1900":";","1901":"Q","1902":"A","1903":"A","1904":"E","1905":",","1906":"C","1907":"A","1908":"A","1909":"C","1910":",","1911":"E","1912":"A","1913":"A","1914":"E","1915":";","1916":"U","1917":"A","1918":"A","1919":"C","1920":",","1921":"E","1922":"A","1923":"A","1924":"E","1925":",","1926":"E","1927":"A","1928":"A","1929":"E","1930":",","1931":"C","1932":"A","1933":"A","1934":"C","1935":";","1936":"U","1937":"A","1938":"A","1939":"E","1940":",","1941":"G","1942":"A","1943":"A","1944":"G","1945":",","1946":"E","1947":"A","1948":"A","1949":"E","1950":",","1951":"E","1952":"A","1953":"A","1954":"E","1955":";","1956":"U","1957":"A","1958":"A","1959":"E","1960":",","1961":"I","1962":"A","1963":"A","1964":"I","1965":",","1966":"E","1967":"A","1968":"A","1969":"E","1970":";","1971":"Q","1972":"A","1973":"A","1974":"E","1975":",","1976":"C","1977":"A","1978":"A","1979":"C","1980":";","1981":"M","1982":"A","1983":"C","1984":"5","1985":"D","1986":";","1987":"I","1988":"A","1989":"C","1990":"F","1991":",","1992":"C","1993":"A","1994":"A","1995":"C","1996":";","1997":"E","1998":"A","1999":"C","2000":"H","2001":",","2002":"C","2003":"A","2004":"A","2005":"C","2006":";","2007":"E","2008":"A","2009":"C","2010":"D","2011":",","2012":"Q","2013":"A","2014":"A","2015":"Q","2016":",","2017":"E","2018":"A","2019":"A","2020":"E","2021":";","2022":"I","2023":"A","2024":"C","2025":"R","2026":",","2027":"I","2028":"A","2029":"A","2030":"I","2031":",","2032":"G","2033":"A","2034":"A","2035":"G","2036":";","2037":"M","2038":"A","2039":"C","2040":"L","2041":",","2042":"O","2043":"A","2044":"A","2045":"O","2046":",","2047":"I","2048":"A","2049":"A","2050":"I","2051":",","2052":"C","2053":"A","2054":"A","2055":"C","2056":",","2057":"Y","2058":"A","2059":"A","2060":"Y","2061":",","2062":"C","2063":"A","2064":"A","2065":"C","2066":",","2067":"I","2068":"A","2069":"A","2070":"I","2071":",","2072":"C","2073":"A","2074":"A","2075":"C","2076":",","2077":"a","2078":"A","2079":"A","2080":"a","2081":",","2082":"C","2083":"A","2084":"A","2085":"C","2086":";","2087":"I","2088":"A","2089":"C","2090":"9","2091":"C","2092":";","2093":"E","2094":"A","2095":"C","2096":"F","2097":",","2098":"C","2099":"A","2100":"A","2101":"C","2102":";","2103":"E","2104":"A","2105":"C","2106":"D","2107":",","2108":"O","2109":"A","2110":"A","2111":"O","2112":",","2113":"E","2114":"A","2115":"A","2116":"E","2117":";","2118":"I","2119":"A","2120":"C","2121":"P","2122":",","2123":"I","2124":"A","2125":"A","2126":"I","2127":",","2128":"G","2129":"A","2130":"A","2131":"G","2132":";","2133":"M","2134":"A","2135":"C","2136":"L","2137":",","2138":"I","2139":"A","2140":"A","2141":"I","2142":",","2143":"I","2144":"A","2145":"A","2146":"I","2147":",","2148":"C","2149":"A","2150":"A","2151":"C","2152":",","2153":"S","2154":"A","2155":"A","2156":"S","2157":",","2158":"E","2159":"A","2160":"A","2161":"E","2162":";","2163":"M","2164":"A","2165":"C","2166":"p","2167":"B","2168":",","2169":"I","2170":"A","2171":"A","2172":"I","2173":",","2174":"C","2175":"A","2176":"A","2177":"C","2178":",","2179":"S","2180":"A","2181":"A","2182":"S","2183":",","2184":"G","2185":"A","2186":"A","2187":"G","2188":",","2189":"I","2190":"A","2191":"A","2192":"I","2193":";","2194":"M","2195":"A","2196":"C","2197":"r","2198":"B","2199":",","2200":"M","2201":"A","2202":"A","2203":"M","2204":",","2205":"Q","2206":"A","2207":"A","2208":"Q","2209":",","2210":"G","2211":"A","2212":"A","2213":"G","2214":",","2215":"I","2216":"A","2217":"A","2218":"I","2219":";","2220":"M","2221":"A","2222":"C","2223":"r","2224":"B","2225":",","2226":"M","2227":"A","2228":"A","2229":"M","2230":",","2231":"S","2232":"A","2233":"A","2234":"S","2235":",","2236":"G","2237":"A","2238":"A","2239":"G","2240":",","2241":"I","2242":"A","2243":"A","2244":"I","2245":",","2246":"C","2247":"A","2248":"A","2249":"C","2250":",","2251":"G","2252":"A","2253":"A","2254":"G","2255":",","2256":"C","2257":"A","2258":"A","2259":"C","2260":",","2261":"C","2262":"A","2263":"A","2264":"C","2265":";","2266":"M","2267":"A","2268":"E","2269":"5","2270":"B","2271":",","2272":"M","2273":"A","2274":"A","2275":"M","2276":",","2277":"O","2278":"A","2279":"A","2280":"O","2281":",","2282":"G","2283":"A","2284":"A","2285":"G","2286":",","2287":"M","2288":"A","2289":"A","2290":"M","2291":";","2292":"Q","2293":"A","2294":"C","2295":"p","2296":"B","2297":",","2298":"M","2299":"A","2300":"A","2301":"M","2302":",","2303":"G","2304":"A","2305":"A","2306":"G","2307":",","2308":"G","2309":"A","2310":"A","2311":"G","2312":",","2313":"I","2314":"A","2315":"A","2316":"I","2317":",","2318":"C","2319":"A","2320":"A","2321":"C","2322":",","2323":"G","2324":"A","2325":"A","2326":"G","2327":",","2328":"C","2329":"A","2330":"A","2331":"C","2332":",","2333":"C","2334":"A","2335":"A","2336":"C","2337":";","2338":"Q","2339":"A","2340":"C","2341":"t","2342":"B","2343":",","2344":"M","2345":"A","2346":"A","2347":"M","2348":",","2349":"O","2350":"A","2351":"A","2352":"O","2353":",","2354":"G","2355":"A","2356":"A","2357":"G","2358":",","2359":"G","2360":"A","2361":"A","2362":"G","2363":",","2364":"G","2365":"A","2366":"A","2367":"G","2368":",","2369":"S","2370":"A","2371":"A","2372":"S","2373":";","2374":"Q","2375":"A","2376":"E","2377":"/","2378":"B","2379":",","2380":"I","2381":"A","2382":"A","2383":"I","2384":",","2385":"O","2386":"A","2387":"A","2388":"O","2389":",","2390":"G","2391":"A","2392":"A","2393":"G","2394":",","2395":"Q","2396":"A","2397":"A","2398":"Q","2399":",","2400":"E","2401":"A","2402":"A","2403":"E","2404":";","2405":"U","2406":"A","2407":"C","2408":"t","2409":"B","2410":",","2411":"I","2412":"A","2413":"A","2414":"I","2415":",","2416":"C","2417":"A","2418":"A","2419":"C","2420":",","2421":"a","2422":"A","2423":"A","2424":"a","2425":",","2426":"G","2427":"A","2428":"A","2429":"G","2430":",","2431":"I","2432":"A","2433":"A","2434":"I","2435":",","2436":"C","2437":"A","2438":"A","2439":"C","2440":",","2441":"K","2442":"A","2443":"A","2444":"K","2445":",","2446":"C","2447":"A","2448":"A","2449":"C","2450":",","2451":"I","2452":"A","2453":"A","2454":"I","2455":",","2456":"C","2457":"A","2458":"A","2459":"C","2460":",","2461":"M","2462":"A","2463":"A","2464":"M","2465":",","2466":"C","2467":"A","2468":"A","2469":"C","2470":",","2471":"C","2472":"A","2473":"A","2474":"C","2475":",","2476":"G","2477":"A","2478":"A","2479":"G","2480":",","2481":"C","2482":"A","2483":"A","2484":"C","2485":",","2486":"C","2487":"A","2488":"A","2489":"C","2490":",","2491":"G","2492":"A","2493":"A","2494":"G","2495":",","2496":"C","2497":"A","2498":"A","2499":"C","2500":";","2501":"U","2502":"A","2503":"C","2504":"t","2505":"D","2506":",","2507":"q","2508":"B","2509":"A","2510":"A","2511":"q","2512":"B","2513":",","2514":"C","2515":"A","2516":"A","2517":"C","2518":",","2519":"O","2520":"A","2521":"A","2522":"O","2523":",","2524":"C","2525":"A","2526":"A","2527":"C","2528":";","2529":"Q","2530":"A","2531":"C","2532":"h","2533":"C","2534":",","2535":"C","2536":"A","2537":"A","2538":"C","2539":",","2540":"M","2541":"A","2542":"A","2543":"M","2544":";","2545":"U","2546":"A","2547":"C","2548":"L","2549":",","2550":"M","2551":"A","2552":"A","2553":"M","2554":",","2555":"W","2556":"A","2557":"A","2558":"W","2559":",","2560":"G","2561":"A","2562":"A","2563":"G","2564":",","2565":"I","2566":"A","2567":"A","2568":"I","2569":",","2570":"C","2571":"A","2572":"A","2573":"C","2574":",","2575":"K","2576":"A","2577":"A","2578":"K","2579":",","2580":"C","2581":"A","2582":"A","2583":"C","2584":",","2585":"I","2586":"A","2587":"A","2588":"I","2589":",","2590":"C","2591":"A","2592":"A","2593":"C","2594":",","2595":"M","2596":"A","2597":"A","2598":"M","2599":",","2600":"C","2601":"A","2602":"A","2603":"C","2604":",","2605":"C","2606":"A","2607":"A","2608":"C","2609":",","2610":"G","2611":"A","2612":"A","2613":"G","2614":",","2615":"C","2616":"A","2617":"A","2618":"C","2619":",","2620":"C","2621":"A","2622":"A","2623":"C","2624":",","2625":"G","2626":"A","2627":"A","2628":"G","2629":",","2630":"C","2631":"A","2632":"A","2633":"C","2634":";","2635":"U","2636":"A","2637":"C","2638":"r","2639":"D","2640":",","2641":"I","2642":"A","2643":"A","2644":"I","2645":",","2646":"C","2647":"A","2648":"A","2649":"C","2650":",","2651":"a","2652":"A","2653":"A","2654":"a","2655":",","2656":"G","2657":"A","2658":"A","2659":"G","2660":",","2661":"W","2662":"A","2663":"A","2664":"W","2665":";","2666":"U","2667":"A","2668":"C","2669":"h","2670":"C","2671":",","2672":"I","2673":"A","2674":"A","2675":"I","2676":",","2677":"C","2678":"A","2679":"A","2680":"C","2681":",","2682":"S","2683":"A","2684":"A","2685":"S","2686":",","2687":"G","2688":"A","2689":"A","2690":"G","2691":",","2692":"K","2693":"A","2694":"A","2695":"K","2696":";","2697":"U","2698":"A","2699":"C","2700":"t","2701":"B","2702":",","2703":"I","2704":"A","2705":"A","2706":"I","2707":",","2708":"C","2709":"A","2710":"A","2711":"C","2712":",","2713":"K","2714":"A","2715":"A","2716":"K","2717":",","2718":"C","2719":"A","2720":"A","2721":"C","2722":",","2723":"e","2724":"A","2725":"A","2726":"e","2727":",","2728":"E","2729":"A","2730":"A","2731":"E","2732":",","2733":"W","2734":"A","2735":"A","2736":"W","2737":",","2738":"C","2739":"A","2740":"A","2741":"C","2742":";","2743":"Q","2744":"A","2745":"C","2746":"1","2747":"C","2748":";","2749":"M","2750":"A","2751":"C","2752":"F","2753":",","2754":"C","2755":"A","2756":"A","2757":"C","2758":";","2759":"M","2760":"A","2761":"E","2762":"D","2763":",","2764":"q","2765":"B","2766":"A","2767":"A","2768":"q","2769":"B","2770":",","2771":"C","2772":"A","2773":"A","2774":"C","2775":",","2776":"O","2777":"A","2778":"A","2779":"O","2780":",","2781":"C","2782":"A","2783":"A","2784":"C","2785":";","2786":"I","2787":"A","2788":"C","2789":"h","2790":"C","2791":";","2792":"E","2793":"A","2794":"C","2795":"F","2796":";","2797":"A","2798":"A","2799":"C","2800":"F","2801":",","2802":"C","2803":"A","2804":"A","2805":"C","2806":"\"","2807":",","2808":"\"","2809":"f","2810":"i","2811":"l","2812":"e","2813":"\"","2814":":","2815":"\"","2816":"/","2817":"U","2818":"s","2819":"e","2820":"r","2821":"s","2822":"/","2823":"m","2824":"e","2825":"n","2826":"g","2827":"w","2828":"e","2829":"i","2830":"j","2831":"i","2832":"e","2833":"1","2834":"/","2835":"C","2836":"o","2837":"d","2838":"e","2839":"2","2840":"/","2841":"d","2842":"i","2843":"c","2844":"e","2845":"-","2846":"d","2847":"e","2848":"m","2849":"o","2850":"/","2851":"s","2852":"r","2853":"c","2854":"/","2855":"c","2856":"o","2857":"m","2858":"p","2859":"o","2860":"n","2861":"e","2862":"n","2863":"t","2864":"s","2865":"/","2866":"D","2867":"i","2868":"c","2869":"e","2870":".","2871":"v","2872":"u","2873":"e","2874":"\"","2875":",","2876":"\"","2877":"s","2878":"o","2879":"u","2880":"r","2881":"c","2882":"e","2883":"s","2884":"C","2885":"o","2886":"n","2887":"t","2888":"e","2889":"n","2890":"t","2891":"\"","2892":":","2893":"[","2894":"\"","2895":"<","2896":"t","2897":"e","2898":"m","2899":"p","2900":"l","2901":"a","2902":"t","2903":"e","2904":">","2905":"\\","2906":"n","2907":" ","2908":" ","2909":"<","2910":"d","2911":"i","2912":"v","2913":" ","2914":"c","2915":"l","2916":"a","2917":"s","2918":"s","2919":"=","2920":"\\","2921":"\"","2922":"d","2923":"i","2924":"c","2925":"e","2926":"\\","2927":"\"","2928":" ","2929":":","2930":"c","2931":"l","2932":"a","2933":"s","2934":"s","2935":"=","2936":"\\","2937":"\"","2938":"{","2939":" ","2940":"'","2941":"r","2942":"o","2943":"l","2944":"l","2945":"i","2946":"n","2947":"g","2948":"'","2949":":","2950":" ","2951":"i","2952":"s","2953":"R","2954":"o","2955":"l","2956":"l","2957":"i","2958":"n","2959":"g","2960":" ","2961":"}","2962":"\\","2963":"\"","2964":" ","2965":"@","2966":"c","2967":"l","2968":"i","2969":"c","2970":"k","2971":"=","2972":"\\","2973":"\"","2974":"r","2975":"o","2976":"l","2977":"l","2978":"\\","2979":"\"","2980":">","2981":"\\","2982":"n","2983":" ","2984":" ","2985":" ","2986":" ","2987":"<","2988":"d","2989":"i","2990":"v","2991":" ","2992":"c","2993":"l","2994":"a","2995":"s","2996":"s","2997":"=","2998":"\\","2999":"\"","3000":"f","3001":"a","3002":"c","3003":"e","3004":"\\","3005":"\"","3006":">","3007":"\\","3008":"n","3009":" ","3010":" ","3011":" ","3012":" ","3013":" ","3014":" ","3015":"<","3016":"d","3017":"i","3018":"v","3019":" ","3020":"v","3021":"-","3022":"f","3023":"o","3024":"r","3025":"=","3026":"\\","3027":"\"","3028":"d","3029":"o","3030":"t","3031":" ","3032":"i","3033":"n","3034":" ","3035":"d","3036":"o","3037":"t","3038":"s","3039":"\\","3040":"\"","3041":" ","3042":":","3043":"k","3044":"e","3045":"y","3046":"=","3047":"\\","3048":"\"","3049":"d","3050":"o","3051":"t","3052":".","3053":"i","3054":"d","3055":"\\","3056":"\"","3057":" ","3058":"\\","3059":"n","3060":" ","3061":" ","3062":" ","3063":" ","3064":" ","3065":" ","3066":" ","3067":" ","3068":" ","3069":" ","3070":" ","3071":"c","3072":"l","3073":"a","3074":"s","3075":"s","3076":"=","3077":"\\","3078":"\"","3079":"d","3080":"o","3081":"t","3082":"\\","3083":"\"","3084":" ","3085":"\\","3086":"n","3087":" ","3088":" ","3089":" ","3090":" ","3091":" ","3092":" ","3093":" ","3094":" ","3095":" ","3096":" ","3097":" ","3098":":","3099":"s","3100":"t","3101":"y","3102":"l","3103":"e","3104":"=","3105":"\\","3106":"\"","3107":"{","3108":" ","3109":"t","3110":"o","3111":"p","3112":":","3113":" ","3114":"d","3115":"o","3116":"t","3117":".","3118":"t","3119":"o","3120":"p","3121":" ","3122":"+","3123":" ","3124":"'","3125":"%","3126":"'","3127":",","3128":" ","3129":"l","3130":"e","3131":"f","3132":"t","3133":":","3134":" ","3135":"d","3136":"o","3137":"t","3138":".","3139":"l","3140":"e","3141":"f","3142":"t","3143":" ","3144":"+","3145":" ","3146":"'","3147":"%","3148":"'","3149":" ","3150":"}","3151":"\\","3152":"\"","3153":">","3154":"\\","3155":"n","3156":" ","3157":" ","3158":" ","3159":" ","3160":" ","3161":" ","3162":"<","3163":"/","3164":"d","3165":"i","3166":"v","3167":">","3168":"\\","3169":"n","3170":" ","3171":" ","3172":" ","3173":" ","3174":"<","3175":"/","3176":"d","3177":"i","3178":"v","3179":">","3180":"\\","3181":"n","3182":" ","3183":" ","3184":"<","3185":"/","3186":"d","3187":"i","3188":"v","3189":">","3190":"\\","3191":"n","3192":"<","3193":"/","3194":"t","3195":"e","3196":"m","3197":"p","3198":"l","3199":"a","3200":"t","3201":"e","3202":">","3203":"\\","3204":"n","3205":"\\","3206":"n","3207":"<","3208":"s","3209":"c","3210":"r","3211":"i","3212":"p","3213":"t","3214":">","3215":"\\","3216":"n","3217":"e","3218":"x","3219":"p","3220":"o","3221":"r","3222":"t","3223":" ","3224":"d","3225":"e","3226":"f","3227":"a","3228":"u","3229":"l","3230":"t","3231":" ","3232":"{","3233":"\\","3234":"n","3235":" ","3236":" ","3237":"n","3238":"a","3239":"m","3240":"e","3241":":","3242":" ","3243":"'","3244":"D","3245":"i","3246":"c","3247":"e","3248":"C","3249":"o","3250":"m","3251":"p","3252":"o","3253":"n","3254":"e","3255":"n","3256":"t","3257":"'","3258":",","3259":"\\","3260":"n","3261":" ","3262":" ","3263":"p","3264":"r","3265":"o","3266":"p","3267":"s","3268":":","3269":" ","3270":"{","3271":"\\","3272":"n","3273":" ","3274":" ","3275":" ","3276":" ","3277":"i","3278":"n","3279":"i","3280":"t","3281":"i","3282":"a","3283":"l","3284":"V","3285":"a","3286":"l","3287":"u","3288":"e","3289":":","3290":" ","3291":"{","3292":"\\","3293":"n","3294":" ","3295":" ","3296":" ","3297":" ","3298":" ","3299":" ","3300":"t","3301":"y","3302":"p","3303":"e","3304":":","3305":" ","3306":"N","3307":"u","3308":"m","3309":"b","3310":"e","3311":"r","3312":",","3313":"\\","3314":"n","3315":" ","3316":" ","3317":" ","3318":" ","3319":" ","3320":" ","3321":"d","3322":"e","3323":"f","3324":"a","3325":"u","3326":"l","3327":"t","3328":":","3329":" ","3330":"(","3331":")","3332":" ","3333":"=","3334":">","3335":" ","3336":"M","3337":"a","3338":"t","3339":"h","3340":".","3341":"f","3342":"l","3343":"o","3344":"o","3345":"r","3346":"(","3347":"M","3348":"a","3349":"t","3350":"h","3351":".","3352":"r","3353":"a","3354":"n","3355":"d","3356":"o","3357":"m","3358":"(","3359":")","3360":" ","3361":"*","3362":" ","3363":"6","3364":")","3365":" ","3366":"+","3367":" ","3368":"1","3369":"\\","3370":"n","3371":" ","3372":" ","3373":" ","3374":" ","3375":"}","3376":"\\","3377":"n","3378":" ","3379":" ","3380":"}","3381":",","3382":"\\","3383":"n","3384":" ","3385":" ","3386":"d","3387":"a","3388":"t","3389":"a","3390":"(","3391":")","3392":" ","3393":"{","3394":"\\","3395":"n","3396":" ","3397":" ","3398":" ","3399":" ","3400":"r","3401":"e","3402":"t","3403":"u","3404":"r","3405":"n","3406":" ","3407":"{","3408":"\\","3409":"n","3410":" ","3411":" ","3412":" ","3413":" ","3414":" ","3415":" ","3416":"c","3417":"u","3418":"r","3419":"r","3420":"e","3421":"n","3422":"t","3423":"N","3424":"u","3425":"m","3426":"b","3427":"e","3428":"r","3429":":","3430":" ","3431":"t","3432":"h","3433":"i","3434":"s","3435":".","3436":"i","3437":"n","3438":"i","3439":"t","3440":"i","3441":"a","3442":"l","3443":"V","3444":"a","3445":"l","3446":"u","3447":"e","3448":",","3449":"\\","3450":"n","3451":" ","3452":" ","3453":" ","3454":" ","3455":" ","3456":" ","3457":"i","3458":"s","3459":"R","3460":"o","3461":"l","3462":"l","3463":"i","3464":"n","3465":"g","3466":":","3467":" ","3468":"f","3469":"a","3470":"l","3471":"s","3472":"e","3473":",","3474":"\\","3475":"n","3476":" ","3477":" ","3478":" ","3479":" ","3480":" ","3481":" ","3482":"d","3483":"o","3484":"t","3485":"P","3486":"o","3487":"s","3488":"i","3489":"t","3490":"i","3491":"o","3492":"n","3493":"s","3494":":","3495":" ","3496":"{","3497":"\\","3498":"n","3499":" ","3500":" ","3501":" ","3502":" ","3503":" ","3504":" ","3505":" ","3506":" ","3507":"1","3508":":","3509":" ","3510":"[","3511":"{","3512":"i","3513":"d","3514":":","3515":" ","3516":"1","3517":",","3518":" ","3519":"t","3520":"o","3521":"p","3522":":","3523":" ","3524":"5","3525":"0","3526":",","3527":" ","3528":"l","3529":"e","3530":"f","3531":"t","3532":":","3533":" ","3534":"5","3535":"0","3536":"}","3537":"]","3538":",","3539":"\\","3540":"n","3541":" ","3542":" ","3543":" ","3544":" ","3545":" ","3546":" ","3547":" ","3548":" ","3549":"2","3550":":","3551":" ","3552":"[","3553":"{","3554":"i","3555":"d","3556":":","3557":" ","3558":"1","3559":",","3560":" ","3561":"t","3562":"o","3563":"p","3564":":","3565":" ","3566":"2","3567":"5","3568":",","3569":" ","3570":"l","3571":"e","3572":"f","3573":"t","3574":":","3575":" ","3576":"2","3577":"5","3578":"}","3579":",","3580":" ","3581":"{","3582":"i","3583":"d","3584":":","3585":" ","3586":"2","3587":",","3588":" ","3589":"t","3590":"o","3591":"p","3592":":","3593":" ","3594":"7","3595":"5","3596":",","3597":" ","3598":"l","3599":"e","3600":"f","3601":"t","3602":":","3603":" ","3604":"7","3605":"5","3606":"}","3607":"]","3608":",","3609":"\\","3610":"n","3611":" ","3612":" ","3613":" ","3614":" ","3615":" ","3616":" ","3617":" ","3618":" ","3619":"3","3620":":","3621":" ","3622":"[","3623":"{","3624":"i","3625":"d","3626":":","3627":" ","3628":"1","3629":",","3630":" ","3631":"t","3632":"o","3633":"p","3634":":","3635":" ","3636":"2","3637":"5","3638":",","3639":" ","3640":"l","3641":"e","3642":"f","3643":"t","3644":":","3645":" ","3646":"2","3647":"5","3648":"}","3649":",","3650":" ","3651":"{","3652":"i","3653":"d","3654":":","3655":" ","3656":"2","3657":",","3658":" ","3659":"t","3660":"o","3661":"p","3662":":","3663":" ","3664":"5","3665":"0","3666":",","3667":" ","3668":"l","3669":"e","3670":"f","3671":"t","3672":":","3673":" ","3674":"5","3675":"0","3676":"}","3677":",","3678":" ","3679":"{","3680":"i","3681":"d","3682":":","3683":" ","3684":"3","3685":",","3686":" ","3687":"t","3688":"o","3689":"p","3690":":","3691":" ","3692":"7","3693":"5","3694":",","3695":" ","3696":"l","3697":"e","3698":"f","3699":"t","3700":":","3701":" ","3702":"7","3703":"5","3704":"}","3705":"]","3706":",","3707":"\\","3708":"n","3709":" ","3710":" ","3711":" ","3712":" ","3713":" ","3714":" ","3715":" ","3716":" ","3717":"4","3718":":","3719":" ","3720":"[","3721":"{","3722":"i","3723":"d","3724":":","3725":" ","3726":"1","3727":",","3728":" ","3729":"t","3730":"o","3731":"p","3732":":","3733":" ","3734":"2","3735":"5","3736":",","3737":" ","3738":"l","3739":"e","3740":"f","3741":"t","3742":":","3743":" ","3744":"2","3745":"5","3746":"}","3747":",","3748":" ","3749":"{","3750":"i","3751":"d","3752":":","3753":" ","3754":"2","3755":",","3756":" ","3757":"t","3758":"o","3759":"p","3760":":","3761":" ","3762":"2","3763":"5","3764":",","3765":" ","3766":"l","3767":"e","3768":"f","3769":"t","3770":":","3771":" ","3772":"7","3773":"5","3774":"}","3775":",","3776":" ","3777":"\\","3778":"n","3779":" ","3780":" ","3781":" ","3782":" ","3783":" ","3784":" ","3785":" ","3786":" ","3787":" ","3788":" ","3789":" ","3790":" ","3791":"{","3792":"i","3793":"d","3794":":","3795":" ","3796":"3","3797":",","3798":" ","3799":"t","3800":"o","3801":"p","3802":":","3803":" ","3804":"7","3805":"5","3806":",","3807":" ","3808":"l","3809":"e","3810":"f","3811":"t","3812":":","3813":" ","3814":"2","3815":"5","3816":"}","3817":",","3818":" ","3819":"{","3820":"i","3821":"d","3822":":","3823":" ","3824":"4","3825":",","3826":" ","3827":"t","3828":"o","3829":"p","3830":":","3831":" ","3832":"7","3833":"5","3834":",","3835":" ","3836":"l","3837":"e","3838":"f","3839":"t","3840":":","3841":" ","3842":"7","3843":"5","3844":"}","3845":"]","3846":",","3847":"\\","3848":"n","3849":" ","3850":" ","3851":" ","3852":" ","3853":" ","3854":" ","3855":" ","3856":" ","3857":"5","3858":":","3859":" ","3860":"[","3861":"{","3862":"i","3863":"d","3864":":","3865":" ","3866":"1","3867":",","3868":" ","3869":"t","3870":"o","3871":"p","3872":":","3873":" ","3874":"2","3875":"5","3876":",","3877":" ","3878":"l","3879":"e","3880":"f","3881":"t","3882":":","3883":" ","3884":"2","3885":"5","3886":"}","3887":",","3888":" ","3889":"{","3890":"i","3891":"d","3892":":","3893":" ","3894":"2","3895":",","3896":" ","3897":"t","3898":"o","3899":"p","3900":":","3901":" ","3902":"2","3903":"5","3904":",","3905":" ","3906":"l","3907":"e","3908":"f","3909":"t","3910":":","3911":" ","3912":"7","3913":"5","3914":"}","3915":",","3916":" ","3917":"\\","3918":"n","3919":" ","3920":" ","3921":" ","3922":" ","3923":" ","3924":" ","3925":" ","3926":" ","3927":" ","3928":" ","3929":" ","3930":" ","3931":"{","3932":"i","3933":"d","3934":":","3935":" ","3936":"3","3937":",","3938":" ","3939":"t","3940":"o","3941":"p","3942":":","3943":" ","3944":"5","3945":"0","3946":",","3947":" ","3948":"l","3949":"e","3950":"f","3951":"t","3952":":","3953":" ","3954":"5","3955":"0","3956":"}","3957":",","3958":"\\","3959":"n","3960":" ","3961":" ","3962":" ","3963":" ","3964":" ","3965":" ","3966":" ","3967":" ","3968":" ","3969":" ","3970":" ","3971":" ","3972":"{","3973":"i","3974":"d","3975":":","3976":" ","3977":"4","3978":",","3979":" ","3980":"t","3981":"o","3982":"p","3983":":","3984":" ","3985":"7","3986":"5","3987":",","3988":" ","3989":"l","3990":"e","3991":"f","3992":"t","3993":":","3994":" ","3995":"2","3996":"5","3997":"}","3998":",","3999":" ","4000":"{","4001":"i","4002":"d","4003":":","4004":" ","4005":"5","4006":",","4007":" ","4008":"t","4009":"o","4010":"p","4011":":","4012":" ","4013":"7","4014":"5","4015":",","4016":" ","4017":"l","4018":"e","4019":"f","4020":"t","4021":":","4022":" ","4023":"7","4024":"5","4025":"}","4026":"]","4027":",","4028":"\\","4029":"n","4030":" ","4031":" ","4032":" ","4033":" ","4034":" ","4035":" ","4036":" ","4037":" ","4038":"6","4039":":","4040":" ","4041":"[","4042":"{","4043":"i","4044":"d","4045":":","4046":" ","4047":"1","4048":",","4049":" ","4050":"t","4051":"o","4052":"p","4053":":","4054":" ","4055":"2","4056":"5","4057":",","4058":" ","4059":"l","4060":"e","4061":"f","4062":"t","4063":":","4064":" ","4065":"2","4066":"5","4067":"}","4068":",","4069":" ","4070":"{","4071":"i","4072":"d","4073":":","4074":" ","4075":"2","4076":",","4077":" ","4078":"t","4079":"o","4080":"p","4081":":","4082":" ","4083":"2","4084":"5","4085":",","4086":" ","4087":"l","4088":"e","4089":"f","4090":"t","4091":":","4092":" ","4093":"7","4094":"5","4095":"}","4096":",","4097":" ","4098":"\\","4099":"n","4100":" ","4101":" ","4102":" ","4103":" ","4104":" ","4105":" ","4106":" ","4107":" ","4108":" ","4109":" ","4110":" ","4111":" ","4112":"{","4113":"i","4114":"d","4115":":","4116":" ","4117":"3","4118":",","4119":" ","4120":"t","4121":"o","4122":"p","4123":":","4124":" ","4125":"5","4126":"0","4127":",","4128":" ","4129":"l","4130":"e","4131":"f","4132":"t","4133":":","4134":" ","4135":"2","4136":"5","4137":"}","4138":",","4139":" ","4140":"{","4141":"i","4142":"d","4143":":","4144":" ","4145":"4","4146":",","4147":" ","4148":"t","4149":"o","4150":"p","4151":":","4152":" ","4153":"5","4154":"0","4155":",","4156":" ","4157":"l","4158":"e","4159":"f","4160":"t","4161":":","4162":" ","4163":"7","4164":"5","4165":"}","4166":",","4167":"\\","4168":"n","4169":" ","4170":" ","4171":" ","4172":" ","4173":" ","4174":" ","4175":" ","4176":" ","4177":" ","4178":" ","4179":" ","4180":" ","4181":"{","4182":"i","4183":"d","4184":":","4185":" ","4186":"5","4187":",","4188":" ","4189":"t","4190":"o","4191":"p","4192":":","4193":" ","4194":"7","4195":"5","4196":",","4197":" ","4198":"l","4199":"e","4200":"f","4201":"t","4202":":","4203":" ","4204":"2","4205":"5","4206":"}","4207":",","4208":" ","4209":"{","4210":"i","4211":"d","4212":":","4213":" ","4214":"6","4215":",","4216":" ","4217":"t","4218":"o","4219":"p","4220":":","4221":" ","4222":"7","4223":"5","4224":",","4225":" ","4226":"l","4227":"e","4228":"f","4229":"t","4230":":","4231":" ","4232":"7","4233":"5","4234":"}","4235":"]","4236":"\\","4237":"n","4238":" ","4239":" ","4240":" ","4241":" ","4242":" ","4243":" ","4244":"}","4245":"\\","4246":"n","4247":" ","4248":" ","4249":" ","4250":" ","4251":"}","4252":"\\","4253":"n","4254":" ","4255":" ","4256":"}","4257":",","4258":"\\","4259":"n","4260":" ","4261":" ","4262":"c","4263":"o","4264":"m","4265":"p","4266":"u","4267":"t","4268":"e","4269":"d","4270":":","4271":" ","4272":"{","4273":"\\","4274":"n","4275":" ","4276":" ","4277":" ","4278":" ","4279":"d","4280":"o","4281":"t","4282":"s","4283":"(","4284":")","4285":" ","4286":"{","4287":"\\","4288":"n","4289":" ","4290":" ","4291":" ","4292":" ","4293":" ","4294":" ","4295":"r","4296":"e","4297":"t","4298":"u","4299":"r","4300":"n","4301":" ","4302":"t","4303":"h","4304":"i","4305":"s","4306":".","4307":"d","4308":"o","4309":"t","4310":"P","4311":"o","4312":"s","4313":"i","4314":"t","4315":"i","4316":"o","4317":"n","4318":"s","4319":"[","4320":"t","4321":"h","4322":"i","4323":"s","4324":".","4325":"c","4326":"u","4327":"r","4328":"r","4329":"e","4330":"n","4331":"t","4332":"N","4333":"u","4334":"m","4335":"b","4336":"e","4337":"r","4338":"]","4339":"\\","4340":"n","4341":" ","4342":" ","4343":" ","4344":" ","4345":"}","4346":"\\","4347":"n","4348":" ","4349":" ","4350":"}","4351":",","4352":"\\","4353":"n","4354":" ","4355":" ","4356":"m","4357":"e","4358":"t","4359":"h","4360":"o","4361":"d","4362":"s","4363":":","4364":" ","4365":"{","4366":"\\","4367":"n","4368":" ","4369":" ","4370":" ","4371":" ","4372":"r","4373":"o","4374":"l","4375":"l","4376":"(","4377":")","4378":" ","4379":"{","4380":"\\","4381":"n","4382":" ","4383":" ","4384":" ","4385":" ","4386":" ","4387":" ","4388":"i","4389":"f","4390":" ","4391":"(","4392":"t","4393":"h","4394":"i","4395":"s","4396":".","4397":"i","4398":"s","4399":"R","4400":"o","4401":"l","4402":"l","4403":"i","4404":"n","4405":"g","4406":")","4407":" ","4408":"r","4409":"e","4410":"t","4411":"u","4412":"r","4413":"n","4414":"\\","4415":"n","4416":" ","4417":" ","4418":" ","4419":" ","4420":" ","4421":" ","4422":"t","4423":"h","4424":"i","4425":"s","4426":".","4427":"i","4428":"s","4429":"R","4430":"o","4431":"l","4432":"l","4433":"i","4434":"n","4435":"g","4436":" ","4437":"=","4438":" ","4439":"t","4440":"r","4441":"u","4442":"e","4443":"\\","4444":"n","4445":" ","4446":" ","4447":" ","4448":" ","4449":" ","4450":" ","4451":"c","4452":"o","4453":"n","4454":"s","4455":"t","4456":" ","4457":"d","4458":"u","4459":"r","4460":"a","4461":"t","4462":"i","4463":"o","4464":"n","4465":" ","4466":"=","4467":" ","4468":"1","4469":"0","4470":"0","4471":"0","4472":"\\","4473":"n","4474":" ","4475":" ","4476":" ","4477":" ","4478":" ","4479":" ","4480":"c","4481":"o","4482":"n","4483":"s","4484":"t","4485":" ","4486":"s","4487":"t","4488":"a","4489":"r","4490":"t","4491":"T","4492":"i","4493":"m","4494":"e","4495":" ","4496":"=","4497":" ","4498":"D","4499":"a","4500":"t","4501":"e","4502":".","4503":"n","4504":"o","4505":"w","4506":"(","4507":")","4508":"\\","4509":"n","4510":" ","4511":" ","4512":" ","4513":" ","4514":" ","4515":" ","4516":"\\","4517":"n","4518":" ","4519":" ","4520":" ","4521":" ","4522":" ","4523":" ","4524":"c","4525":"o","4526":"n","4527":"s","4528":"t","4529":" ","4530":"a","4531":"n","4532":"i","4533":"m","4534":"a","4535":"t","4536":"e","4537":" ","4538":"=","4539":" ","4540":"(","4541":")","4542":" ","4543":"=","4544":">","4545":" ","4546":"{","4547":"\\","4548":"n","4549":" ","4550":" ","4551":" ","4552":" ","4553":" ","4554":" ","4555":" ","4556":" ","4557":"c","4558":"o","4559":"n","4560":"s","4561":"t","4562":" ","4563":"n","4564":"o","4565":"w","4566":" ","4567":"=","4568":" ","4569":"D","4570":"a","4571":"t","4572":"e","4573":".","4574":"n","4575":"o","4576":"w","4577":"(","4578":")","4579":"\\","4580":"n","4581":" ","4582":" ","4583":" ","4584":" ","4585":" ","4586":" ","4587":" ","4588":" ","4589":"c","4590":"o","4591":"n","4592":"s","4593":"t","4594":" ","4595":"e","4596":"l","4597":"a","4598":"p","4599":"s","4600":"e","4601":"d","4602":" ","4603":"=","4604":" ","4605":"n","4606":"o","4607":"w","4608":" ","4609":"-","4610":" ","4611":"s","4612":"t","4613":"a","4614":"r","4615":"t","4616":"T","4617":"i","4618":"m","4619":"e","4620":"\\","4621":"n","4622":" ","4623":" ","4624":" ","4625":" ","4626":" ","4627":" ","4628":" ","4629":" ","4630":"\\","4631":"n","4632":" ","4633":" ","4634":" ","4635":" ","4636":" ","4637":" ","4638":" ","4639":" ","4640":"i","4641":"f","4642":" ","4643":"(","4644":"e","4645":"l","4646":"a","4647":"p","4648":"s","4649":"e","4650":"d","4651":" ","4652":"<","4653":" ","4654":"d","4655":"u","4656":"r","4657":"a","4658":"t","4659":"i","4660":"o","4661":"n","4662":")","4663":" ","4664":"{","4665":"\\","4666":"n","4667":" ","4668":" ","4669":" ","4670":" ","4671":" ","4672":" ","4673":" ","4674":" ","4675":" ","4676":" ","4677":"t","4678":"h","4679":"i","4680":"s","4681":".","4682":"c","4683":"u","4684":"r","4685":"r","4686":"e","4687":"n","4688":"t","4689":"N","4690":"u","4691":"m","4692":"b","4693":"e","4694":"r","4695":" ","4696":"=","4697":" ","4698":"M","4699":"a","4700":"t","4701":"h","4702":".","4703":"f","4704":"l","4705":"o","4706":"o","4707":"r","4708":"(","4709":"M","4710":"a","4711":"t","4712":"h","4713":".","4714":"r","4715":"a","4716":"n","4717":"d","4718":"o","4719":"m","4720":"(","4721":")","4722":" ","4723":"*","4724":" ","4725":"6","4726":")","4727":" ","4728":"+","4729":" ","4730":"1","4731":"\\","4732":"n","4733":" ","4734":" ","4735":" ","4736":" ","4737":" ","4738":" ","4739":" ","4740":" ","4741":" ","4742":" ","4743":"r","4744":"e","4745":"q","4746":"u","4747":"e","4748":"s","4749":"t","4750":"A","4751":"n","4752":"i","4753":"m","4754":"a","4755":"t","4756":"i","4757":"o","4758":"n","4759":"F","4760":"r","4761":"a","4762":"m","4763":"e","4764":"(","4765":"a","4766":"n","4767":"i","4768":"m","4769":"a","4770":"t","4771":"e","4772":")","4773":"\\","4774":"n","4775":" ","4776":" ","4777":" ","4778":" ","4779":" ","4780":" ","4781":" ","4782":" ","4783":"}","4784":" ","4785":"e","4786":"l","4787":"s","4788":"e","4789":" ","4790":"{","4791":"\\","4792":"n","4793":" ","4794":" ","4795":" ","4796":" ","4797":" ","4798":" ","4799":" ","4800":" ","4801":" ","4802":" ","4803":"c","4804":"o","4805":"n","4806":"s","4807":"t","4808":" ","4809":"f","4810":"i","4811":"n","4812":"a","4813":"l","4814":"N","4815":"u","4816":"m","4817":"b","4818":"e","4819":"r","4820":" ","4821":"=","4822":" ","4823":"M","4824":"a","4825":"t","4826":"h","4827":".","4828":"f","4829":"l","4830":"o","4831":"o","4832":"r","4833":"(","4834":"M","4835":"a","4836":"t","4837":"h","4838":".","4839":"r","4840":"a","4841":"n","4842":"d","4843":"o","4844":"m","4845":"(","4846":")","4847":" ","4848":"*","4849":" ","4850":"6","4851":")","4852":" ","4853":"+","4854":" ","4855":"1","4856":"\\","4857":"n","4858":" ","4859":" ","4860":" ","4861":" ","4862":" ","4863":" ","4864":" ","4865":" ","4866":" ","4867":" ","4868":"t","4869":"h","4870":"i","4871":"s","4872":".","4873":"c","4874":"u","4875":"r","4876":"r","4877":"e","4878":"n","4879":"t","4880":"N","4881":"u","4882":"m","4883":"b","4884":"e","4885":"r","4886":" ","4887":"=","4888":" ","4889":"f","4890":"i","4891":"n","4892":"a","4893":"l","4894":"N","4895":"u","4896":"m","4897":"b","4898":"e","4899":"r","4900":"\\","4901":"n","4902":" ","4903":" ","4904":" ","4905":" ","4906":" ","4907":" ","4908":" ","4909":" ","4910":" ","4911":" ","4912":"t","4913":"h","4914":"i","4915":"s","4916":".","4917":"i","4918":"s","4919":"R","4920":"o","4921":"l","4922":"l","4923":"i","4924":"n","4925":"g","4926":" ","4927":"=","4928":" ","4929":"f","4930":"a","4931":"l","4932":"s","4933":"e","4934":"\\","4935":"n","4936":" ","4937":" ","4938":" ","4939":" ","4940":" ","4941":" ","4942":" ","4943":" ","4944":" ","4945":" ","4946":"t","4947":"h","4948":"i","4949":"s","4950":".","4951":"$","4952":"e","4953":"m","4954":"i","4955":"t","4956":"(","4957":"'","4958":"n","4959":"u","4960":"m","4961":"b","4962":"e","4963":"r","4964":"C","4965":"h","4966":"a","4967":"n","4968":"g","4969":"e","4970":"d","4971":"'","4972":",","4973":" ","4974":"f","4975":"i","4976":"n","4977":"a","4978":"l","4979":"N","4980":"u","4981":"m","4982":"b","4983":"e","4984":"r","4985":")","4986":"\\","4987":"n","4988":" ","4989":" ","4990":" ","4991":" ","4992":" ","4993":" ","4994":" ","4995":" ","4996":"}","4997":"\\","4998":"n","4999":" ","5000":" ","5001":" ","5002":" ","5003":" ","5004":" ","5005":"}","5006":"\\","5007":"n","5008":" ","5009":" ","5010":" ","5011":" ","5012":" ","5013":" ","5014":"\\","5015":"n","5016":" ","5017":" ","5018":" ","5019":" ","5020":" ","5021":" ","5022":"r","5023":"e","5024":"q","5025":"u","5026":"e","5027":"s","5028":"t","5029":"A","5030":"n","5031":"i","5032":"m","5033":"a","5034":"t","5035":"i","5036":"o","5037":"n","5038":"F","5039":"r","5040":"a","5041":"m","5042":"e","5043":"(","5044":"a","5045":"n","5046":"i","5047":"m","5048":"a","5049":"t","5050":"e","5051":")","5052":"\\","5053":"n","5054":" ","5055":" ","5056":" ","5057":" ","5058":"}","5059":"\\","5060":"n","5061":" ","5062":" ","5063":"}","5064":"\\","5065":"n","5066":"}","5067":"\\","5068":"n","5069":"<","5070":"/","5071":"s","5072":"c","5073":"r","5074":"i","5075":"p","5076":"t","5077":">","5078":"\\","5079":"n","5080":"\\","5081":"n","5082":"<","5083":"s","5084":"t","5085":"y","5086":"l","5087":"e","5088":" ","5089":"s","5090":"c","5091":"o","5092":"p","5093":"e","5094":"d","5095":">","5096":"\\","5097":"n","5098":".","5099":"d","5100":"i","5101":"c","5102":"e","5103":" ","5104":"{","5105":"\\","5106":"n","5107":" ","5108":" ","5109":"w","5110":"i","5111":"d","5112":"t","5113":"h","5114":":","5115":" ","5116":"1","5117":"5","5118":"0","5119":"p","5120":"x","5121":";","5122":"\\","5123":"n","5124":" ","5125":" ","5126":"h","5127":"e","5128":"i","5129":"g","5130":"h","5131":"t","5132":":","5133":" ","5134":"1","5135":"5","5136":"0","5137":"p","5138":"x","5139":";","5140":"\\","5141":"n","5142":" ","5143":" ","5144":"p","5145":"o","5146":"s","5147":"i","5148":"t","5149":"i","5150":"o","5151":"n","5152":":","5153":" ","5154":"r","5155":"e","5156":"l","5157":"a","5158":"t","5159":"i","5160":"v","5161":"e","5162":";","5163":"\\","5164":"n","5165":" ","5166":" ","5167":"c","5168":"u","5169":"r","5170":"s","5171":"o","5172":"r","5173":":","5174":" ","5175":"p","5176":"o","5177":"i","5178":"n","5179":"t","5180":"e","5181":"r","5182":";","5183":"\\","5184":"n","5185":" ","5186":" ","5187":"p","5188":"e","5189":"r","5190":"s","5191":"p","5192":"e","5193":"c","5194":"t","5195":"i","5196":"v","5197":"e","5198":":","5199":" ","5200":"1","5201":"0","5202":"0","5203":"0","5204":"p","5205":"x","5206":";","5207":"\\","5208":"n","5209":" ","5210":" ","5211":"m","5212":"a","5213":"r","5214":"g","5215":"i","5216":"n","5217":":","5218":" ","5219":"1","5220":"5","5221":"p","5222":"x","5223":";","5224":"\\","5225":"n","5226":" ","5227":" ","5228":"t","5229":"r","5230":"a","5231":"n","5232":"s","5233":"i","5234":"t","5235":"i","5236":"o","5237":"n","5238":":","5239":" ","5240":"a","5241":"l","5242":"l","5243":" ","5244":"0","5245":".","5246":"3","5247":"s","5248":" ","5249":"c","5250":"u","5251":"b","5252":"i","5253":"c","5254":"-","5255":"b","5256":"e","5257":"z","5258":"i","5259":"e","5260":"r","5261":"(","5262":"0","5263":".","5264":"4","5265":",","5266":" ","5267":"0","5268":",","5269":" ","5270":"0","5271":".","5272":"2","5273":",","5274":" ","5275":"1","5276":")","5277":";","5278":"\\","5279":"n","5280":" ","5281":" ","5282":"b","5283":"a","5284":"c","5285":"k","5286":"g","5287":"r","5288":"o","5289":"u","5290":"n","5291":"d","5292":"-","5293":"c","5294":"o","5295":"l","5296":"o","5297":"r","5298":":","5299":" ","5300":"r","5301":"g","5302":"b","5303":"a","5304":"(","5305":"2","5306":"5","5307":"5","5308":",","5309":" ","5310":"2","5311":"5","5312":"5","5313":",","5314":" ","5315":"2","5316":"5","5317":"5","5318":",","5319":" ","5320":"0","5321":".","5322":"9","5323":"5","5324":")","5325":";","5326":"\\","5327":"n","5328":" ","5329":" ","5330":"b","5331":"o","5332":"r","5333":"d","5334":"e","5335":"r","5336":"-","5337":"r","5338":"a","5339":"d","5340":"i","5341":"u","5342":"s","5343":":","5344":" ","5345":"1","5346":"5","5347":"%","5348":";","5349":"\\","5350":"n","5351":" ","5352":" ","5353":"b","5354":"o","5355":"x","5356":"-","5357":"s","5358":"h","5359":"a","5360":"d","5361":"o","5362":"w","5363":":","5364":" ","5365":"\\","5366":"n","5367":" ","5368":" ","5369":" ","5370":" ","5371":"0","5372":" ","5373":"8","5374":"p","5375":"x","5376":" ","5377":"1","5378":"6","5379":"p","5380":"x","5381":" ","5382":"r","5383":"g","5384":"b","5385":"a","5386":"(","5387":"0","5388":",","5389":" ","5390":"0","5391":",","5392":" ","5393":"0","5394":",","5395":" ","5396":"0","5397":".","5398":"1","5399":")","5400":",","5401":"\\","5402":"n","5403":" ","5404":" ","5405":" ","5406":" ","5407":"0","5408":" ","5409":"2","5410":"p","5411":"x","5412":" ","5413":"4","5414":"p","5415":"x","5416":" ","5417":"r","5418":"g","5419":"b","5420":"a","5421":"(","5422":"0","5423":",","5424":" ","5425":"0","5426":",","5427":" ","5428":"0","5429":",","5430":" ","5431":"0","5432":".","5433":"1","5434":")","5435":";","5436":"\\","5437":"n","5438":"}","5439":"\\","5440":"n","5441":"\\","5442":"n","5443":".","5444":"d","5445":"i","5446":"c","5447":"e","5448":":","5449":"h","5450":"o","5451":"v","5452":"e","5453":"r","5454":" ","5455":"{","5456":"\\","5457":"n","5458":" ","5459":" ","5460":"t","5461":"r","5462":"a","5463":"n","5464":"s","5465":"f","5466":"o","5467":"r","5468":"m","5469":":","5470":" ","5471":"s","5472":"c","5473":"a","5474":"l","5475":"e","5476":"(","5477":"1","5478":".","5479":"0","5480":"5","5481":")","5482":" ","5483":"t","5484":"r","5485":"a","5486":"n","5487":"s","5488":"l","5489":"a","5490":"t","5491":"e","5492":"Y","5493":"(","5494":"-","5495":"5","5496":"p","5497":"x","5498":")","5499":";","5500":"\\","5501":"n","5502":" ","5503":" ","5504":"b","5505":"o","5506":"x","5507":"-","5508":"s","5509":"h","5510":"a","5511":"d","5512":"o","5513":"w","5514":":","5515":" ","5516":"\\","5517":"n","5518":" ","5519":" ","5520":" ","5521":" ","5522":"0","5523":" ","5524":"1","5525":"2","5526":"p","5527":"x","5528":" ","5529":"2","5530":"4","5531":"p","5532":"x","5533":" ","5534":"r","5535":"g","5536":"b","5537":"a","5538":"(","5539":"0","5540":",","5541":" ","5542":"0","5543":",","5544":" ","5545":"0","5546":",","5547":" ","5548":"0","5549":".","5550":"1","5551":"5","5552":")","5553":",","5554":"\\","5555":"n","5556":" ","5557":" ","5558":" ","5559":" ","5560":"0","5561":" ","5562":"4","5563":"p","5564":"x","5565":" ","5566":"8","5567":"p","5568":"x","5569":" ","5570":"r","5571":"g","5572":"b","5573":"a","5574":"(","5575":"0","5576":",","5577":" ","5578":"0","5579":",","5580":" ","5581":"0","5582":",","5583":" ","5584":"0","5585":".","5586":"1","5587":")","5588":";","5589":"\\","5590":"n","5591":"}","5592":"\\","5593":"n","5594":"\\","5595":"n","5596":".","5597":"d","5598":"i","5599":"c","5600":"e","5601":":","5602":"a","5603":"c","5604":"t","5605":"i","5606":"v","5607":"e","5608":" ","5609":"{","5610":"\\","5611":"n","5612":" ","5613":" ","5614":"t","5615":"r","5616":"a","5617":"n","5618":"s","5619":"f","5620":"o","5621":"r","5622":"m","5623":":","5624":" ","5625":"s","5626":"c","5627":"a","5628":"l","5629":"e","5630":"(","5631":"0","5632":".","5633":"9","5634":"5","5635":")","5636":";","5637":"\\","5638":"n","5639":" ","5640":" ","5641":"b","5642":"o","5643":"x","5644":"-","5645":"s","5646":"h","5647":"a","5648":"d","5649":"o","5650":"w","5651":":","5652":" ","5653":"\\","5654":"n","5655":" ","5656":" ","5657":" ","5658":" ","5659":"0","5660":" ","5661":"4","5662":"p","5663":"x","5664":" ","5665":"8","5666":"p","5667":"x","5668":" ","5669":"r","5670":"g","5671":"b","5672":"a","5673":"(","5674":"0","5675":",","5676":" ","5677":"0","5678":",","5679":" ","5680":"0","5681":",","5682":" ","5683":"0","5684":".","5685":"1","5686":")","5687":",","5688":"\\","5689":"n","5690":" ","5691":" ","5692":" ","5693":" ","5694":"0","5695":" ","5696":"1","5697":"p","5698":"x","5699":" ","5700":"2","5701":"p","5702":"x","5703":" ","5704":"r","5705":"g","5706":"b","5707":"a","5708":"(","5709":"0","5710":",","5711":" ","5712":"0","5713":",","5714":" ","5715":"0","5716":",","5717":" ","5718":"0","5719":".","5720":"1","5721":")","5722":";","5723":"\\","5724":"n","5725":"}","5726":"\\","5727":"n","5728":"\\","5729":"n","5730":".","5731":"f","5732":"a","5733":"c","5734":"e","5735":" ","5736":"{","5737":"\\","5738":"n","5739":" ","5740":" ","5741":"w","5742":"i","5743":"d","5744":"t","5745":"h","5746":":","5747":" ","5748":"1","5749":"0","5750":"0","5751":"%","5752":";","5753":"\\","5754":"n","5755":" ","5756":" ","5757":"h","5758":"e","5759":"i","5760":"g","5761":"h","5762":"t","5763":":","5764":" ","5765":"1","5766":"0","5767":"0","5768":"%","5769":";","5770":"\\","5771":"n","5772":" ","5773":" ","5774":"b","5775":"a","5776":"c","5777":"k","5778":"g","5779":"r","5780":"o","5781":"u","5782":"n","5783":"d","5784":":","5785":" ","5786":"l","5787":"i","5788":"n","5789":"e","5790":"a","5791":"r","5792":"-","5793":"g","5794":"r","5795":"a","5796":"d","5797":"i","5798":"e","5799":"n","5800":"t","5801":"(","5802":"1","5803":"3","5804":"5","5805":"d","5806":"e","5807":"g","5808":",","5809":" ","5810":"#","5811":"f","5812":"f","5813":"f","5814":"f","5815":"f","5816":"f","5817":" ","5818":"0","5819":"%","5820":",","5821":" ","5822":"#","5823":"f","5824":"8","5825":"f","5826":"8","5827":"f","5828":"8","5829":" ","5830":"1","5831":"0","5832":"0","5833":"%","5834":")","5835":";","5836":"\\","5837":"n","5838":" ","5839":" ","5840":"b","5841":"o","5842":"r","5843":"d","5844":"e","5845":"r","5846":"-","5847":"r","5848":"a","5849":"d","5850":"i","5851":"u","5852":"s","5853":":","5854":" ","5855":"1","5856":"5","5857":"%","5858":";","5859":"\\","5860":"n","5861":" ","5862":" ","5863":"b","5864":"o","5865":"x","5866":"-","5867":"s","5868":"h","5869":"a","5870":"d","5871":"o","5872":"w","5873":":","5874":" ","5875":"\\","5876":"n","5877":" ","5878":" ","5879":" ","5880":" ","5881":"i","5882":"n","5883":"s","5884":"e","5885":"t","5886":" ","5887":"0","5888":" ","5889":"2","5890":"p","5891":"x","5892":" ","5893":"4","5894":"p","5895":"x","5896":" ","5897":"r","5898":"g","5899":"b","5900":"a","5901":"(","5902":"2","5903":"5","5904":"5","5905":",","5906":" ","5907":"2","5908":"5","5909":"5","5910":",","5911":" ","5912":"2","5913":"5","5914":"5","5915":",","5916":" ","5917":"0","5918":".","5919":"5","5920":")","5921":",","5922":"\\","5923":"n","5924":" ","5925":" ","5926":" ","5927":" ","5928":"i","5929":"n","5930":"s","5931":"e","5932":"t","5933":" ","5934":"0","5935":" ","5936":"-","5937":"2","5938":"p","5939":"x","5940":" ","5941":"4","5942":"p","5943":"x","5944":" ","5945":"r","5946":"g","5947":"b","5948":"a","5949":"(","5950":"0","5951":",","5952":" ","5953":"0","5954":",","5955":" ","5956":"0","5957":",","5958":" ","5959":"0","5960":".","5961":"0","5962":"5","5963":")","5964":";","5965":"\\","5966":"n","5967":" ","5968":" ","5969":"p","5970":"o","5971":"s","5972":"i","5973":"t","5974":"i","5975":"o","5976":"n","5977":":","5978":" ","5979":"r","5980":"e","5981":"l","5982":"a","5983":"t","5984":"i","5985":"v","5986":"e","5987":";","5988":"\\","5989":"n","5990":" ","5991":" ","5992":"t","5993":"r","5994":"a","5995":"n","5996":"s","5997":"f","5998":"o","5999":"r","6000":"m","6001":"-","6002":"s","6003":"t","6004":"y","6005":"l","6006":"e","6007":":","6008":" ","6009":"p","6010":"r","6011":"e","6012":"s","6013":"e","6014":"r","6015":"v","6016":"e","6017":"-","6018":"3","6019":"d","6020":";","6021":"\\","6022":"n","6023":" ","6024":" ","6025":"t","6026":"r","6027":"a","6028":"n","6029":"s","6030":"i","6031":"t","6032":"i","6033":"o","6034":"n","6035":":","6036":" ","6037":"t","6038":"r","6039":"a","6040":"n","6041":"s","6042":"f","6043":"o","6044":"r","6045":"m","6046":" ","6047":"0","6048":".","6049":"3","6050":"s","6051":" ","6052":"e","6053":"a","6054":"s","6055":"e","6056":";","6057":"\\","6058":"n","6059":"}","6060":"\\","6061":"n","6062":"\\","6063":"n","6064":".","6065":"d","6066":"o","6067":"t","6068":" ","6069":"{","6070":"\\","6071":"n","6072":" ","6073":" ","6074":"p","6075":"o","6076":"s","6077":"i","6078":"t","6079":"i","6080":"o","6081":"n","6082":":","6083":" ","6084":"a","6085":"b","6086":"s","6087":"o","6088":"l","6089":"u","6090":"t","6091":"e","6092":";","6093":"\\","6094":"n","6095":" ","6096":" ","6097":"w","6098":"i","6099":"d","6100":"t","6101":"h","6102":":","6103":" ","6104":"3","6105":"2","6106":"p","6107":"x","6108":";","6109":"\\","6110":"n","6111":" ","6112":" ","6113":"h","6114":"e","6115":"i","6116":"g","6117":"h","6118":"t","6119":":","6120":" ","6121":"3","6122":"2","6123":"p","6124":"x","6125":";","6126":"\\","6127":"n","6128":" ","6129":" ","6130":"b","6131":"a","6132":"c","6133":"k","6134":"g","6135":"r","6136":"o","6137":"u","6138":"n","6139":"d","6140":":","6141":" ","6142":"l","6143":"i","6144":"n","6145":"e","6146":"a","6147":"r","6148":"-","6149":"g","6150":"r","6151":"a","6152":"d","6153":"i","6154":"e","6155":"n","6156":"t","6157":"(","6158":"1","6159":"3","6160":"5","6161":"d","6162":"e","6163":"g","6164":",","6165":" ","6166":"#","6167":"3","6168":"3","6169":"3","6170":" ","6171":"0","6172":"%","6173":",","6174":" ","6175":"#","6176":"0","6177":"0","6178":"0","6179":" ","6180":"1","6181":"0","6182":"0","6183":"%","6184":")","6185":";","6186":"\\","6187":"n","6188":" ","6189":" ","6190":"b","6191":"o","6192":"r","6193":"d","6194":"e","6195":"r","6196":"-","6197":"r","6198":"a","6199":"d","6200":"i","6201":"u","6202":"s","6203":":","6204":" ","6205":"5","6206":"0","6207":"%","6208":";","6209":"\\","6210":"n","6211":" ","6212":" ","6213":"t","6214":"r","6215":"a","6216":"n","6217":"s","6218":"f","6219":"o","6220":"r","6221":"m","6222":":","6223":" ","6224":"t","6225":"r","6226":"a","6227":"n","6228":"s","6229":"l","6230":"a","6231":"t","6232":"e","6233":"(","6234":"-","6235":"5","6236":"0","6237":"%","6238":",","6239":" ","6240":"-","6241":"5","6242":"0","6243":"%","6244":")","6245":";","6246":"\\","6247":"n","6248":" ","6249":" ","6250":"b","6251":"o","6252":"x","6253":"-","6254":"s","6255":"h","6256":"a","6257":"d","6258":"o","6259":"w","6260":":","6261":" ","6262":"\\","6263":"n","6264":" ","6265":" ","6266":" ","6267":" ","6268":"i","6269":"n","6270":"s","6271":"e","6272":"t","6273":" ","6274":"0","6275":" ","6276":"3","6277":"p","6278":"x","6279":" ","6280":"5","6281":"p","6282":"x","6283":" ","6284":"r","6285":"g","6286":"b","6287":"a","6288":"(","6289":"2","6290":"5","6291":"5","6292":",","6293":" ","6294":"2","6295":"5","6296":"5","6297":",","6298":" ","6299":"2","6300":"5","6301":"5","6302":",","6303":" ","6304":"0","6305":".","6306":"2","6307":")","6308":",","6309":"\\","6310":"n","6311":" ","6312":" ","6313":" ","6314":" ","6315":"0","6316":" ","6317":"2","6318":"p","6319":"x","6320":" ","6321":"4","6322":"p","6323":"x","6324":" ","6325":"r","6326":"g","6327":"b","6328":"a","6329":"(","6330":"0","6331":",","6332":" ","6333":"0","6334":",","6335":" ","6336":"0","6337":",","6338":" ","6339":"0","6340":".","6341":"3","6342":")","6343":";","6344":"\\","6345":"n","6346":" ","6347":" ","6348":"t","6349":"r","6350":"a","6351":"n","6352":"s","6353":"i","6354":"t","6355":"i","6356":"o","6357":"n","6358":":","6359":" ","6360":"t","6361":"r","6362":"a","6363":"n","6364":"s","6365":"f","6366":"o","6367":"r","6368":"m","6369":" ","6370":"0","6371":".","6372":"3","6373":"s","6374":" ","6375":"e","6376":"a","6377":"s","6378":"e","6379":";","6380":"\\","6381":"n","6382":"}","6383":"\\","6384":"n","6385":"\\","6386":"n","6387":".","6388":"d","6389":"i","6390":"c","6391":"e","6392":":","6393":"h","6394":"o","6395":"v","6396":"e","6397":"r","6398":" ","6399":".","6400":"d","6401":"o","6402":"t","6403":" ","6404":"{","6405":"\\","6406":"n","6407":" ","6408":" ","6409":"t","6410":"r","6411":"a","6412":"n","6413":"s","6414":"f","6415":"o","6416":"r","6417":"m","6418":":","6419":" ","6420":"t","6421":"r","6422":"a","6423":"n","6424":"s","6425":"l","6426":"a","6427":"t","6428":"e","6429":"(","6430":"-","6431":"5","6432":"0","6433":"%","6434":",","6435":" ","6436":"-","6437":"5","6438":"0","6439":"%","6440":")","6441":" ","6442":"s","6443":"c","6444":"a","6445":"l","6446":"e","6447":"(","6448":"1","6449":".","6450":"1","6451":")","6452":";","6453":"\\","6454":"n","6455":"}","6456":"\\","6457":"n","6458":"\\","6459":"n","6460":".","6461":"r","6462":"o","6463":"l","6464":"l","6465":"i","6466":"n","6467":"g","6468":" ","6469":".","6470":"f","6471":"a","6472":"c","6473":"e","6474":" ","6475":"{","6476":"\\","6477":"n","6478":" ","6479":" ","6480":"a","6481":"n","6482":"i","6483":"m","6484":"a","6485":"t","6486":"i","6487":"o","6488":"n","6489":":","6490":" ","6491":"r","6492":"o","6493":"l","6494":"l","6495":" ","6496":"1","6497":"s","6498":" ","6499":"c","6500":"u","6501":"b","6502":"i","6503":"c","6504":"-","6505":"b","6506":"e","6507":"z","6508":"i","6509":"e","6510":"r","6511":"(","6512":"0","6513":".","6514":"4","6515":"5","6516":",","6517":" ","6518":"0","6519":".","6520":"0","6521":"5","6522":",","6523":" ","6524":"0","6525":".","6526":"5","6527":"5","6528":",","6529":" ","6530":"0","6531":".","6532":"9","6533":"5","6534":")","6535":" ","6536":"i","6537":"n","6538":"f","6539":"i","6540":"n","6541":"i","6542":"t","6543":"e","6544":";","6545":"\\","6546":"n","6547":"}","6548":"\\","6549":"n","6550":"\\","6551":"n","6552":".","6553":"r","6554":"o","6555":"l","6556":"l","6557":"i","6558":"n","6559":"g","6560":" ","6561":".","6562":"d","6563":"o","6564":"t","6565":" ","6566":"{","6567":"\\","6568":"n","6569":" ","6570":" ","6571":"a","6572":"n","6573":"i","6574":"m","6575":"a","6576":"t","6577":"i","6578":"o","6579":"n","6580":":","6581":" ","6582":"p","6583":"u","6584":"l","6585":"s","6586":"e","6587":" ","6588":"1","6589":"s","6590":" ","6591":"e","6592":"a","6593":"s","6594":"e","6595":" ","6596":"i","6597":"n","6598":"f","6599":"i","6600":"n","6601":"i","6602":"t","6603":"e","6604":";","6605":"\\","6606":"n","6607":"}","6608":"\\","6609":"n","6610":"\\","6611":"n","6612":"@","6613":"k","6614":"e","6615":"y","6616":"f","6617":"r","6618":"a","6619":"m","6620":"e","6621":"s","6622":" ","6623":"r","6624":"o","6625":"l","6626":"l","6627":" ","6628":"{","6629":"\\","6630":"n","6631":" ","6632":" ","6633":"0","6634":"%","6635":" ","6636":"{","6637":" ","6638":"t","6639":"r","6640":"a","6641":"n","6642":"s","6643":"f","6644":"o","6645":"r","6646":"m","6647":":","6648":" ","6649":"r","6650":"o","6651":"t","6652":"a","6653":"t","6654":"e","6655":"X","6656":"(","6657":"0","6658":"d","6659":"e","6660":"g","6661":")","6662":" ","6663":"r","6664":"o","6665":"t","6666":"a","6667":"t","6668":"e","6669":"Y","6670":"(","6671":"0","6672":"d","6673":"e","6674":"g","6675":")","6676":";","6677":" ","6678":"}","6679":"\\","6680":"n","6681":" ","6682":" ","6683":"5","6684":"0","6685":"%","6686":" ","6687":"{","6688":" ","6689":"t","6690":"r","6691":"a","6692":"n","6693":"s","6694":"f","6695":"o","6696":"r","6697":"m","6698":":","6699":" ","6700":"r","6701":"o","6702":"t","6703":"a","6704":"t","6705":"e","6706":"X","6707":"(","6708":"1","6709":"8","6710":"0","6711":"d","6712":"e","6713":"g","6714":")","6715":" ","6716":"r","6717":"o","6718":"t","6719":"a","6720":"t","6721":"e","6722":"Y","6723":"(","6724":"1","6725":"8","6726":"0","6727":"d","6728":"e","6729":"g","6730":")","6731":" ","6732":"s","6733":"c","6734":"a","6735":"l","6736":"e","6737":"(","6738":"0","6739":".","6740":"9","6741":"5","6742":")","6743":";","6744":" ","6745":"}","6746":"\\","6747":"n","6748":" ","6749":" ","6750":"1","6751":"0","6752":"0","6753":"%","6754":" ","6755":"{","6756":" ","6757":"t","6758":"r","6759":"a","6760":"n","6761":"s","6762":"f","6763":"o","6764":"r","6765":"m","6766":":","6767":" ","6768":"r","6769":"o","6770":"t","6771":"a","6772":"t","6773":"e","6774":"X","6775":"(","6776":"3","6777":"6","6778":"0","6779":"d","6780":"e","6781":"g","6782":")","6783":" ","6784":"r","6785":"o","6786":"t","6787":"a","6788":"t","6789":"e","6790":"Y","6791":"(","6792":"3","6793":"6","6794":"0","6795":"d","6796":"e","6797":"g","6798":")","6799":";","6800":" ","6801":"}","6802":"\\","6803":"n","6804":"}","6805":"\\","6806":"n","6807":"\\","6808":"n","6809":"@","6810":"k","6811":"e","6812":"y","6813":"f","6814":"r","6815":"a","6816":"m","6817":"e","6818":"s","6819":" ","6820":"p","6821":"u","6822":"l","6823":"s","6824":"e","6825":" ","6826":"{","6827":"\\","6828":"n","6829":" ","6830":" ","6831":"0","6832":"%","6833":" ","6834":"{","6835":" ","6836":"t","6837":"r","6838":"a","6839":"n","6840":"s","6841":"f","6842":"o","6843":"r","6844":"m","6845":":","6846":" ","6847":"t","6848":"r","6849":"a","6850":"n","6851":"s","6852":"l","6853":"a","6854":"t","6855":"e","6856":"(","6857":"-","6858":"5","6859":"0","6860":"%","6861":",","6862":" ","6863":"-","6864":"5","6865":"0","6866":"%","6867":")","6868":" ","6869":"s","6870":"c","6871":"a","6872":"l","6873":"e","6874":"(","6875":"1","6876":")","6877":";","6878":" ","6879":"}","6880":"\\","6881":"n","6882":" ","6883":" ","6884":"5","6885":"0","6886":"%","6887":" ","6888":"{","6889":" ","6890":"t","6891":"r","6892":"a","6893":"n","6894":"s","6895":"f","6896":"o","6897":"r","6898":"m","6899":":","6900":" ","6901":"t","6902":"r","6903":"a","6904":"n","6905":"s","6906":"l","6907":"a","6908":"t","6909":"e","6910":"(","6911":"-","6912":"5","6913":"0","6914":"%","6915":",","6916":" ","6917":"-","6918":"5","6919":"0","6920":"%","6921":")","6922":" ","6923":"s","6924":"c","6925":"a","6926":"l","6927":"e","6928":"(","6929":"0","6930":".","6931":"9","6932":")","6933":";","6934":" ","6935":"}","6936":"\\","6937":"n","6938":" ","6939":" ","6940":"1","6941":"0","6942":"0","6943":"%","6944":" ","6945":"{","6946":" ","6947":"t","6948":"r","6949":"a","6950":"n","6951":"s","6952":"f","6953":"o","6954":"r","6955":"m","6956":":","6957":" ","6958":"t","6959":"r","6960":"a","6961":"n","6962":"s","6963":"l","6964":"a","6965":"t","6966":"e","6967":"(","6968":"-","6969":"5","6970":"0","6971":"%","6972":",","6973":" ","6974":"-","6975":"5","6976":"0","6977":"%","6978":")","6979":" ","6980":"s","6981":"c","6982":"a","6983":"l","6984":"e","6985":"(","6986":"1","6987":")","6988":";","6989":" ","6990":"}","6991":"\\","6992":"n","6993":"}","6994":"\\","6995":"n","6996":"<","6997":"/","6998":"s","6999":"t","7000":"y","7001":"l","7002":"e","7003":">","7004":"\\","7005":"n","7006":"\"","7007":"]","7008":"}"},"_coverageSchema":"1a1c01bbd47fc00a2c39e90264f33305004495a9","hash":"17f27d632cd4eecaef52dcf08a566faa5e31e62d"}
}
