TN:
SF:src/components/Dice.vue
FN:13,(anonymous_0)
FN:16,(anonymous_1)
FN:115,(anonymous_2)
FN:120,(anonymous_3)
FN:125,(anonymous_4)
FN:143,render
FN:157,(anonymous_6)
FNF:7
FNH:7
FNDA:6,(anonymous_0)
FNDA:7,(anonymous_1)
FNDA:15,(anonymous_2)
FNDA:4,(anonymous_3)
FNDA:126,(anonymous_4)
FNDA:16,render
FNDA:55,(anonymous_6)
DA:4,1
DA:7,1
DA:8,1
DA:13,6
DA:17,7
DA:116,15
DA:121,4
DA:122,3
DA:123,3
DA:124,3
DA:125,3
DA:126,126
DA:127,126
DA:128,126
DA:129,124
DA:130,124
DA:132,2
DA:133,2
DA:134,2
DA:135,2
DA:138,3
DA:142,1
DA:143,1
DA:144,16
DA:145,16
DA:146,16
DA:158,55
DA:169,1
DA:170,1
DA:172,1
DA:173,1
LF:31
LH:31
BRDA:121,0,0,1
BRDA:121,0,1,3
BRDA:128,1,0,124
BRDA:128,1,1,2
BRDA:142,2,0,0
BRDA:142,2,1,1
BRF:6
BRH:5
end_of_record
